{"numFailedTestSuites":3,"numFailedTests":4,"numPassedTestSuites":0,"numPassedTests":20,"numPendingTestSuites":0,"numPendingTests":0,"numRuntimeErrorTestSuites":0,"numTodoTests":0,"numTotalTestSuites":3,"numTotalTests":24,"openHandles":[],"snapshot":{"added":0,"didUpdate":false,"failure":false,"filesAdded":0,"filesRemoved":0,"filesRemovedList":[],"filesUnmatched":0,"filesUpdated":0,"matched":0,"total":0,"unchecked":0,"uncheckedKeysByFile":[],"unmatched":0,"updated":0},"startTime":1779073726725,"success":false,"testResults":[{"assertionResults":[{"ancestorTitles":["CustomRequestController Unit Tests","createRequest()"],"duration":13,"failing":false,"failureDetails":[],"failureMessages":[],"fullName":"CustomRequestController Unit Tests createRequest() nên tạo phiếu yêu cầu thành công","invocations":1,"location":null,"numPassingAsserts":5,"retryReasons":[],"startAt":1779073729052,"status":"passed","title":"nên tạo phiếu yêu cầu thành công"},{"ancestorTitles":["CustomRequestController Unit Tests","getAllRequests()"],"duration":2,"failing":false,"failureDetails":[],"failureMessages":[],"fullName":"CustomRequestController Unit Tests getAllRequests() nên lấy danh sách yêu cầu thành công","invocations":1,"location":null,"numPassingAsserts":1,"retryReasons":[],"startAt":1779073729067,"status":"passed","title":"nên lấy danh sách yêu cầu thành công"},{"ancestorTitles":["CustomRequestController Unit Tests","getRequestById()"],"duration":2,"failing":false,"failureDetails":[],"failureMessages":[],"fullName":"CustomRequestController Unit Tests getRequestById() nên trả về chi tiết yêu cầu","invocations":1,"location":null,"numPassingAsserts":2,"retryReasons":[],"startAt":1779073729069,"status":"passed","title":"nên trả về chi tiết yêu cầu"},{"ancestorTitles":["CustomRequestController Unit Tests","updateStatus()"],"duration":16,"failing":false,"failureDetails":[{"matcherResult":{"message":"expect(jest.fn()).toHaveBeenCalledWith(...expected)\n\nExpected: ObjectContaining {\"status\": 2}\nReceived: {\"modifieby\": 1, \"modifiedate\": 2026-05-18T03:08:49.079Z, \"note\": undefined, \"status\": 2, \"total_estimated_price\": undefined}, {\"transaction\": {\"commit\": [Function mockConstructor], \"finished\": false, \"rollback\": [Function mockConstructor]}}\n\nNumber of calls: 1","pass":false}}],"failureMessages":["Error: expect(jest.fn()).toHaveBeenCalledWith(...expected)\n\nExpected: ObjectContaining {\"status\": 2}\nReceived: {\"modifieby\": 1, \"modifiedate\": 2026-05-18T03:08:49.079Z, \"note\": undefined, \"status\": 2, \"total_estimated_price\": undefined}, {\"transaction\": {\"commit\": [Function mockConstructor], \"finished\": false, \"rollback\": [Function mockConstructor]}}\n\nNumber of calls: 1\n    at Object.toHaveBeenCalledWith (D:\\TPF-SIMS\\server\\tests\\unit\\controllers\\customRequest.controller.test.js:118:26)\n    at processTicksAndRejections (node:internal/process/task_queues:105:5)"],"fullName":"CustomRequestController Unit Tests updateStatus() nên cập nhật trạng thái thành công","invocations":1,"location":null,"numPassingAsserts":0,"retryReasons":[],"startAt":1779073729072,"status":"failed","title":"nên cập nhật trạng thái thành công"},{"ancestorTitles":["CustomRequestController Unit Tests","updateRequest()"],"duration":3,"failing":false,"failureDetails":[],"failureMessages":[],"fullName":"CustomRequestController Unit Tests updateRequest() nên cho phép owner cập nhật chi tiết yêu cầu","invocations":1,"location":null,"numPassingAsserts":3,"retryReasons":[],"startAt":1779073729103,"status":"passed","title":"nên cho phép owner cập nhật chi tiết yêu cầu"}],"endTime":1779073729137,"message":"  ● CustomRequestController Unit Tests › updateStatus() › nên cập nhật trạng thái thành công\n\n    expect(jest.fn()).toHaveBeenCalledWith(...expected)\n\n    Expected: ObjectContaining {\"status\": 2}\n    Received: {\"modifieby\": 1, \"modifiedate\": 2026-05-18T03:08:49.079Z, \"note\": undefined, \"status\": 2, \"total_estimated_price\": undefined}, {\"transaction\": {\"commit\": [Function mockConstructor], \"finished\": false, \"rollback\": [Function mockConstructor]}}\n\n    Number of calls: 1\n\n    \u001b[0m \u001b[90m 116 |\u001b[39m       \u001b[36mawait\u001b[39m customRequestController\u001b[33m.\u001b[39mupdateStatus(mockReq\u001b[33m,\u001b[39m mockRes)\u001b[33m;\u001b[39m\n     \u001b[90m 117 |\u001b[39m\n    \u001b[31m\u001b[1m>\u001b[22m\u001b[39m\u001b[90m 118 |\u001b[39m       expect(mockUpdate)\u001b[33m.\u001b[39mtoHaveBeenCalledWith(expect\u001b[33m.\u001b[39mobjectContaining({ status\u001b[33m:\u001b[39m \u001b[35m2\u001b[39m }))\u001b[33m;\u001b[39m\n     \u001b[90m     |\u001b[39m                          \u001b[31m\u001b[1m^\u001b[22m\u001b[39m\n     \u001b[90m 119 |\u001b[39m       expect(socketManager\u001b[33m.\u001b[39msendNotification)\u001b[33m.\u001b[39mtoHaveBeenCalled()\u001b[33m;\u001b[39m\n     \u001b[90m 120 |\u001b[39m       expect(mockRes\u001b[33m.\u001b[39mstatus)\u001b[33m.\u001b[39mtoHaveBeenCalledWith(\u001b[35m200\u001b[39m)\u001b[33m;\u001b[39m\n     \u001b[90m 121 |\u001b[39m     })\u001b[33m;\u001b[39m\u001b[0m\n\n      at Object.toHaveBeenCalledWith (tests/unit/controllers/customRequest.controller.test.js:118:26)\n","name":"D:\\TPF-SIMS\\server\\tests\\unit\\controllers\\customRequest.controller.test.js","startTime":1779073727240,"status":"failed","summary":""},{"assertionResults":[{"ancestorTitles":["OrderController Unit Tests","getAllOrders()"],"duration":82,"failing":false,"failureDetails":[{"matcherResult":{"message":"expect(jest.fn()).toHaveBeenCalled()\n\nExpected number of calls: >= 1\nReceived number of calls:    0","pass":false}}],"failureMessages":["Error: expect(jest.fn()).toHaveBeenCalled()\n\nExpected number of calls: >= 1\nReceived number of calls:    0\n    at Object.toHaveBeenCalled (D:\\TPF-SIMS\\server\\tests\\unit\\controllers\\order.controller.test.js:84:37)\n    at processTicksAndRejections (node:internal/process/task_queues:105:5)"],"fullName":"OrderController Unit Tests getAllOrders() nên lấy danh sách đơn hàng thành công","invocations":1,"location":null,"numPassingAsserts":0,"retryReasons":[],"startAt":1779073729094,"status":"failed","title":"nên lấy danh sách đơn hàng thành công"},{"ancestorTitles":["OrderController Unit Tests","getOrderById()"],"duration":3,"failing":false,"failureDetails":[],"failureMessages":[],"fullName":"OrderController Unit Tests getOrderById() nên trả về lỗi 404 nếu không tìm thấy đơn","invocations":1,"location":null,"numPassingAsserts":1,"retryReasons":[],"startAt":1779073729179,"status":"passed","title":"nên trả về lỗi 404 nếu không tìm thấy đơn"},{"ancestorTitles":["OrderController Unit Tests","getOrderById()"],"duration":4,"failing":false,"failureDetails":[],"failureMessages":[],"fullName":"OrderController Unit Tests getOrderById() nên trả về chi tiết đơn hàng thành công","invocations":1,"location":null,"numPassingAsserts":2,"retryReasons":[],"startAt":1779073729182,"status":"passed","title":"nên trả về chi tiết đơn hàng thành công"},{"ancestorTitles":["OrderController Unit Tests","createOrder()"],"duration":5,"failing":false,"failureDetails":[],"failureMessages":[],"fullName":"OrderController Unit Tests createOrder() nên tạo đơn hàng thành công và allocate items","invocations":1,"location":null,"numPassingAsserts":7,"retryReasons":[],"startAt":1779073729186,"status":"passed","title":"nên tạo đơn hàng thành công và allocate items"},{"ancestorTitles":["OrderController Unit Tests","createOrder()"],"duration":4,"failing":false,"failureDetails":[],"failureMessages":[],"fullName":"OrderController Unit Tests createOrder() nên throw lỗi nếu thiếu tồn kho cho hàng sẵn","invocations":1,"location":null,"numPassingAsserts":2,"retryReasons":[],"startAt":1779073729191,"status":"passed","title":"nên throw lỗi nếu thiếu tồn kho cho hàng sẵn"},{"ancestorTitles":["OrderController Unit Tests","updateOrderStatus()"],"duration":4,"failing":false,"failureDetails":[],"failureMessages":[],"fullName":"OrderController Unit Tests updateOrderStatus() nên trả lỗi nếu không tìm thấy đơn","invocations":1,"location":null,"numPassingAsserts":1,"retryReasons":[],"startAt":1779073729195,"status":"passed","title":"nên trả lỗi nếu không tìm thấy đơn"},{"ancestorTitles":["OrderController Unit Tests","updateOrderStatus()"],"duration":3,"failing":false,"failureDetails":[],"failureMessages":[],"fullName":"OrderController Unit Tests updateOrderStatus() nên cập nhật thành công và nhả kho nếu hủy đơn","invocations":1,"location":null,"numPassingAsserts":5,"retryReasons":[],"startAt":1779073729199,"status":"passed","title":"nên cập nhật thành công và nhả kho nếu hủy đơn"}],"endTime":1779073729229,"message":"  ● OrderController Unit Tests › getAllOrders() › nên lấy danh sách đơn hàng thành công\n\n    expect(jest.fn()).toHaveBeenCalled()\n\n    Expected number of calls: >= 1\n    Received number of calls:    0\n\n    \u001b[0m \u001b[90m 82 |\u001b[39m       \u001b[36mawait\u001b[39m orderController\u001b[33m.\u001b[39mgetAllOrders(mockReq\u001b[33m,\u001b[39m mockRes)\u001b[33m;\u001b[39m\n     \u001b[90m 83 |\u001b[39m\n    \u001b[31m\u001b[1m>\u001b[22m\u001b[39m\u001b[90m 84 |\u001b[39m       expect(\u001b[33mOrder\u001b[39m\u001b[33m.\u001b[39mfindAndCountAll)\u001b[33m.\u001b[39mtoHaveBeenCalled()\u001b[33m;\u001b[39m\n     \u001b[90m    |\u001b[39m                                     \u001b[31m\u001b[1m^\u001b[22m\u001b[39m\n     \u001b[90m 85 |\u001b[39m       expect(\u001b[33mOrder\u001b[39m\u001b[33m.\u001b[39mcount)\u001b[33m.\u001b[39mtoHaveBeenCalled()\u001b[33m;\u001b[39m\n     \u001b[90m 86 |\u001b[39m       expect(mockRes\u001b[33m.\u001b[39mstatus)\u001b[33m.\u001b[39mtoHaveBeenCalledWith(\u001b[35m200\u001b[39m)\u001b[33m;\u001b[39m\n     \u001b[90m 87 |\u001b[39m       \u001b[0m\n\n      at Object.toHaveBeenCalled (tests/unit/controllers/order.controller.test.js:84:37)\n","name":"D:\\TPF-SIMS\\server\\tests\\unit\\controllers\\order.controller.test.js","startTime":1779073727244,"status":"failed","summary":""},{"assertionResults":[{"ancestorTitles":["AccountController Unit Tests","getAllAccounts()"],"duration":7,"failing":false,"failureDetails":[],"failureMessages":[],"fullName":"AccountController Unit Tests getAllAccounts() nên trả về danh sách tài khoản thành công","invocations":1,"location":null,"numPassingAsserts":3,"retryReasons":[],"startAt":1779073729521,"status":"passed","title":"nên trả về danh sách tài khoản thành công"},{"ancestorTitles":["AccountController Unit Tests","getAllAccounts()"],"duration":16,"failing":false,"failureDetails":[],"failureMessages":[],"fullName":"AccountController Unit Tests getAllAccounts() nên bắt lỗi 500 nếu DB thất bại","invocations":1,"location":null,"numPassingAsserts":1,"retryReasons":[],"startAt":1779073729529,"status":"passed","title":"nên bắt lỗi 500 nếu DB thất bại"},{"ancestorTitles":["AccountController Unit Tests","getAccountById()"],"duration":1,"failing":false,"failureDetails":[],"failureMessages":[],"fullName":"AccountController Unit Tests getAccountById() nên trả về lỗi 404 nếu không tìm thấy","invocations":1,"location":null,"numPassingAsserts":2,"retryReasons":[],"startAt":1779073729545,"status":"passed","title":"nên trả về lỗi 404 nếu không tìm thấy"},{"ancestorTitles":["AccountController Unit Tests","getAccountById()"],"duration":1,"failing":false,"failureDetails":[],"failureMessages":[],"fullName":"AccountController Unit Tests getAccountById() nên trả về dữ liệu tài khoản thành công (không có password)","invocations":1,"location":null,"numPassingAsserts":3,"retryReasons":[],"startAt":1779073729547,"status":"passed","title":"nên trả về dữ liệu tài khoản thành công (không có password)"},{"ancestorTitles":["AccountController Unit Tests","createAccount()"],"duration":2,"failing":false,"failureDetails":[],"failureMessages":[],"fullName":"AccountController Unit Tests createAccount() nên trả lỗi 400 nếu email đã tồn tại","invocations":1,"location":null,"numPassingAsserts":2,"retryReasons":[],"startAt":1779073729548,"status":"passed","title":"nên trả lỗi 400 nếu email đã tồn tại"},{"ancestorTitles":["AccountController Unit Tests","createAccount()"],"duration":2,"failing":false,"failureDetails":[],"failureMessages":[],"fullName":"AccountController Unit Tests createAccount() nên tạo tài khoản thành công","invocations":1,"location":null,"numPassingAsserts":5,"retryReasons":[],"startAt":1779073729550,"status":"passed","title":"nên tạo tài khoản thành công"},{"ancestorTitles":["AccountController Unit Tests","updateAccount()"],"duration":1,"failing":false,"failureDetails":[],"failureMessages":[],"fullName":"AccountController Unit Tests updateAccount() nên trả về lỗi 404 nếu không tìm thấy account","invocations":1,"location":null,"numPassingAsserts":1,"retryReasons":[],"startAt":1779073729552,"status":"passed","title":"nên trả về lỗi 404 nếu không tìm thấy account"},{"ancestorTitles":["AccountController Unit Tests","updateAccount()"],"duration":2,"failing":false,"failureDetails":[],"failureMessages":[],"fullName":"AccountController Unit Tests updateAccount() nên cập nhật thành công (có kèm profile)","invocations":1,"location":null,"numPassingAsserts":5,"retryReasons":[],"startAt":1779073729553,"status":"passed","title":"nên cập nhật thành công (có kèm profile)"},{"ancestorTitles":["AccountController Unit Tests","toggleStatus()"],"duration":1,"failing":false,"failureDetails":[],"failureMessages":[],"fullName":"AccountController Unit Tests toggleStatus() nên trả lỗi 400 nếu tự khóa chính mình","invocations":1,"location":null,"numPassingAsserts":2,"retryReasons":[],"startAt":1779073729555,"status":"passed","title":"nên trả lỗi 400 nếu tự khóa chính mình"},{"ancestorTitles":["AccountController Unit Tests","toggleStatus()"],"duration":11,"failing":false,"failureDetails":[{"matcherResult":{"message":"expect(jest.fn()).toHaveBeenCalled()\n\nExpected number of calls: >= 1\nReceived number of calls:    0","pass":false}}],"failureMessages":["Error: expect(jest.fn()).toHaveBeenCalled()\n\nExpected number of calls: >= 1\nReceived number of calls:    0\n    at Object.toHaveBeenCalled (D:\\TPF-SIMS\\server\\tests\\unit\\controllers\\account.controller.test.js:211:42)\n    at processTicksAndRejections (node:internal/process/task_queues:105:5)"],"fullName":"AccountController Unit Tests toggleStatus() nên khóa tài khoản người khác thành công","invocations":1,"location":null,"numPassingAsserts":1,"retryReasons":[],"startAt":1779073729556,"status":"failed","title":"nên khóa tài khoản người khác thành công"},{"ancestorTitles":["AccountController Unit Tests","deleteAccount()"],"duration":2,"failing":false,"failureDetails":[{"matcherResult":{"message":"expect(jest.fn()).toHaveBeenCalled()\n\nExpected number of calls: >= 1\nReceived number of calls:    0","pass":false}}],"failureMessages":["Error: expect(jest.fn()).toHaveBeenCalled()\n\nExpected number of calls: >= 1\nReceived number of calls:    0\n    at Object.toHaveBeenCalled (D:\\TPF-SIMS\\server\\tests\\unit\\controllers\\account.controller.test.js:234:34)\n    at processTicksAndRejections (node:internal/process/task_queues:105:5)"],"fullName":"AccountController Unit Tests deleteAccount() nên xóa tài khoản thành công","invocations":1,"location":null,"numPassingAsserts":0,"retryReasons":[],"startAt":1779073729568,"status":"failed","title":"nên xóa tài khoản thành công"},{"ancestorTitles":["AccountController Unit Tests","getRoles()"],"duration":1,"failing":false,"failureDetails":[],"failureMessages":[],"fullName":"AccountController Unit Tests getRoles() nên lấy danh sách vai trò thành công","invocations":1,"location":null,"numPassingAsserts":2,"retryReasons":[],"startAt":1779073729570,"status":"passed","title":"nên lấy danh sách vai trò thành công"}],"endTime":1779073729599,"message":"  ● AccountController Unit Tests › toggleStatus() › nên khóa tài khoản người khác thành công\n\n    expect(jest.fn()).toHaveBeenCalled()\n\n    Expected number of calls: >= 1\n    Received number of calls:    0\n\n    \u001b[0m \u001b[90m 209 |\u001b[39m\n     \u001b[90m 210 |\u001b[39m       expect(mockUpdate)\u001b[33m.\u001b[39mtoHaveBeenCalledWith(expect\u001b[33m.\u001b[39mobjectContaining({ status\u001b[33m:\u001b[39m \u001b[35m0\u001b[39m }))\u001b[33m;\u001b[39m\n    \u001b[31m\u001b[1m>\u001b[22m\u001b[39m\u001b[90m 211 |\u001b[39m       expect(systemLogController\u001b[33m.\u001b[39mrecord)\u001b[33m.\u001b[39mtoHaveBeenCalled()\u001b[33m;\u001b[39m\n     \u001b[90m     |\u001b[39m                                          \u001b[31m\u001b[1m^\u001b[22m\u001b[39m\n     \u001b[90m 212 |\u001b[39m       expect(mockRes\u001b[33m.\u001b[39mstatus)\u001b[33m.\u001b[39mtoHaveBeenCalledWith(\u001b[35m200\u001b[39m)\u001b[33m;\u001b[39m\n     \u001b[90m 213 |\u001b[39m     })\u001b[33m;\u001b[39m\n     \u001b[90m 214 |\u001b[39m   })\u001b[33m;\u001b[39m\u001b[0m\n\n      at Object.toHaveBeenCalled (tests/unit/controllers/account.controller.test.js:211:42)\n\n  ● AccountController Unit Tests › deleteAccount() › nên xóa tài khoản thành công\n\n    expect(jest.fn()).toHaveBeenCalled()\n\n    Expected number of calls: >= 1\n    Received number of calls:    0\n\n    \u001b[0m \u001b[90m 232 |\u001b[39m       \u001b[36mawait\u001b[39m accountController\u001b[33m.\u001b[39mdeleteAccount(mockReq\u001b[33m,\u001b[39m mockRes)\u001b[33m;\u001b[39m\n     \u001b[90m 233 |\u001b[39m\n    \u001b[31m\u001b[1m>\u001b[22m\u001b[39m\u001b[90m 234 |\u001b[39m       expect(mockProfileDestroy)\u001b[33m.\u001b[39mtoHaveBeenCalled()\u001b[33m;\u001b[39m\n     \u001b[90m     |\u001b[39m                                  \u001b[31m\u001b[1m^\u001b[22m\u001b[39m\n     \u001b[90m 235 |\u001b[39m       expect(mockAccountDestroy)\u001b[33m.\u001b[39mtoHaveBeenCalled()\u001b[33m;\u001b[39m\n     \u001b[90m 236 |\u001b[39m       expect(systemLogController\u001b[33m.\u001b[39mrecord)\u001b[33m.\u001b[39mtoHaveBeenCalled()\u001b[33m;\u001b[39m\n     \u001b[90m 237 |\u001b[39m       expect(mockRes\u001b[33m.\u001b[39mstatus)\u001b[33m.\u001b[39mtoHaveBeenCalledWith(\u001b[35m200\u001b[39m)\u001b[33m;\u001b[39m\u001b[0m\n\n      at Object.toHaveBeenCalled (tests/unit/controllers/account.controller.test.js:234:34)\n","name":"D:\\TPF-SIMS\\server\\tests\\unit\\controllers\\account.controller.test.js","startTime":1779073727221,"status":"failed","summary":""}],"wasInterrupted":false,"coverageMap":{"D:\\TPF-SIMS\\server\\src\\controller\\customRequest.controller.js":{"path":"D:\\TPF-SIMS\\server\\src\\controller\\customRequest.controller.js","statementMap":{"0":{"start":{"line":1,"column":15},"end":{"line":1,"column":35}},"1":{"start":{"line":2,"column":183},"end":{"line":2,"column":205}},"2":{"start":{"line":3,"column":28},"end":{"line":3,"column":61}},"3":{"start":{"line":4,"column":29},"end":{"line":4,"column":64}},"4":{"start":{"line":16,"column":18},"end":{"line":16,"column":47}},"5":{"start":{"line":17,"column":8},"end":{"line":94,"column":9}},"6":{"start":{"line":21,"column":16},"end":{"line":21,"column":24}},"7":{"start":{"line":22,"column":27},"end":{"line":22,"column":42}},"8":{"start":{"line":25,"column":31},"end":{"line":33,"column":34}},"9":{"start":{"line":36,"column":12},"end":{"line":45,"column":13}},"10":{"start":{"line":37,"column":34},"end":{"line":43,"column":19}},"11":{"start":{"line":37,"column":53},"end":{"line":43,"column":17}},"12":{"start":{"line":44,"column":16},"end":{"line":44,"column":82}},"13":{"start":{"line":47,"column":12},"end":{"line":47,"column":29}},"14":{"start":{"line":49,"column":12},"end":{"line":49,"column":159}},"15":{"start":{"line":52,"column":12},"end":{"line":59,"column":15}},"16":{"start":{"line":62,"column":31},"end":{"line":71,"column":14}},"17":{"start":{"line":73,"column":12},"end":{"line":84,"column":13}},"18":{"start":{"line":74,"column":16},"end":{"line":83,"column":17}},"19":{"start":{"line":75,"column":20},"end":{"line":82,"column":23}},"20":{"start":{"line":86,"column":12},"end":{"line":89,"column":15}},"21":{"start":{"line":91,"column":12},"end":{"line":91,"column":53}},"22":{"start":{"line":91,"column":34},"end":{"line":91,"column":53}},"23":{"start":{"line":92,"column":12},"end":{"line":92,"column":65}},"24":{"start":{"line":93,"column":12},"end":{"line":93,"column":85}},"25":{"start":{"line":101,"column":8},"end":{"line":199,"column":9}},"26":{"start":{"line":102,"column":92},"end":{"line":102,"column":101}},"27":{"start":{"line":103,"column":27},"end":{"line":103,"column":45}},"28":{"start":{"line":105,"column":26},"end":{"line":105,"column":28}},"29":{"start":{"line":108,"column":12},"end":{"line":110,"column":13}},"30":{"start":{"line":109,"column":16},"end":{"line":109,"column":38}},"31":{"start":{"line":112,"column":12},"end":{"line":112,"column":64}},"32":{"start":{"line":112,"column":29},"end":{"line":112,"column":64}},"33":{"start":{"line":115,"column":12},"end":{"line":122,"column":13}},"34":{"start":{"line":116,"column":16},"end":{"line":121,"column":18}},"35":{"start":{"line":125,"column":12},"end":{"line":130,"column":13}},"36":{"start":{"line":126,"column":33},"end":{"line":126,"column":35}},"37":{"start":{"line":127,"column":16},"end":{"line":127,"column":72}},"38":{"start":{"line":127,"column":30},"end":{"line":127,"column":72}},"39":{"start":{"line":128,"column":16},"end":{"line":128,"column":68}},"40":{"start":{"line":128,"column":28},"end":{"line":128,"column":68}},"41":{"start":{"line":129,"column":16},"end":{"line":129,"column":44}},"42":{"start":{"line":132,"column":36},"end":{"line":153,"column":14}},"43":{"start":{"line":156,"column":33},"end":{"line":163,"column":14}},"44":{"start":{"line":166,"column":30},"end":{"line":168,"column":13}},"45":{"start":{"line":169,"column":12},"end":{"line":171,"column":15}},"46":{"start":{"line":170,"column":16},"end":{"line":170,"column":58}},"47":{"start":{"line":173,"column":28},"end":{"line":173,"column":90}},"48":{"start":{"line":176,"column":33},"end":{"line":185,"column":14}},"49":{"start":{"line":177,"column":33},"end":{"line":177,"column":57}},"50":{"start":{"line":178,"column":16},"end":{"line":183,"column":17}},"51":{"start":{"line":179,"column":20},"end":{"line":182,"column":23}},"52":{"start":{"line":180,"column":61},"end":{"line":180,"column":65}},"53":{"start":{"line":181,"column":24},"end":{"line":181,"column":36}},"54":{"start":{"line":184,"column":16},"end":{"line":184,"column":32}},"55":{"start":{"line":187,"column":12},"end":{"line":195,"column":15}},"56":{"start":{"line":197,"column":12},"end":{"line":197,"column":60}},"57":{"start":{"line":198,"column":12},"end":{"line":198,"column":95}},"58":{"start":{"line":206,"column":8},"end":{"line":238,"column":9}},"59":{"start":{"line":207,"column":27},"end":{"line":207,"column":37}},"60":{"start":{"line":208,"column":28},"end":{"line":217,"column":14}},"61":{"start":{"line":219,"column":12},"end":{"line":221,"column":13}},"62":{"start":{"line":220,"column":16},"end":{"line":220,"column":83}},"63":{"start":{"line":223,"column":28},"end":{"line":223,"column":90}},"64":{"start":{"line":224,"column":33},"end":{"line":224,"column":61}},"65":{"start":{"line":227,"column":12},"end":{"line":232,"column":13}},"66":{"start":{"line":228,"column":16},"end":{"line":231,"column":19}},"67":{"start":{"line":229,"column":57},"end":{"line":229,"column":61}},"68":{"start":{"line":230,"column":20},"end":{"line":230,"column":32}},"69":{"start":{"line":234,"column":12},"end":{"line":234,"column":64}},"70":{"start":{"line":236,"column":12},"end":{"line":236,"column":62}},"71":{"start":{"line":237,"column":12},"end":{"line":237,"column":94}},"72":{"start":{"line":245,"column":18},"end":{"line":245,"column":47}},"73":{"start":{"line":246,"column":8},"end":{"line":412,"column":9}},"74":{"start":{"line":247,"column":27},"end":{"line":247,"column":37}},"75":{"start":{"line":248,"column":60},"end":{"line":248,"column":68}},"76":{"start":{"line":249,"column":27},"end":{"line":249,"column":42}},"77":{"start":{"line":251,"column":28},"end":{"line":257,"column":14}},"78":{"start":{"line":259,"column":12},"end":{"line":262,"column":13}},"79":{"start":{"line":260,"column":16},"end":{"line":260,"column":35}},"80":{"start":{"line":261,"column":16},"end":{"line":261,"column":83}},"81":{"start":{"line":264,"column":30},"end":{"line":264,"column":44}},"82":{"start":{"line":267,"column":12},"end":{"line":273,"column":35}},"83":{"start":{"line":276,"column":33},"end":{"line":276,"column":37}},"84":{"start":{"line":277,"column":12},"end":{"line":345,"column":13}},"85":{"start":{"line":279,"column":33},"end":{"line":293,"column":38}},"86":{"start":{"line":295,"column":16},"end":{"line":295,"column":54}},"87":{"start":{"line":298,"column":16},"end":{"line":331,"column":17}},"88":{"start":{"line":299,"column":20},"end":{"line":330,"column":21}},"89":{"start":{"line":300,"column":45},"end":{"line":318,"column":46}},"90":{"start":{"line":321,"column":24},"end":{"line":329,"column":25}},"91":{"start":{"line":322,"column":28},"end":{"line":328,"column":51}},"92":{"start":{"line":334,"column":16},"end":{"line":334,"column":96}},"93":{"start":{"line":337,"column":16},"end":{"line":344,"column":39}},"94":{"start":{"line":347,"column":12},"end":{"line":347,"column":29}},"95":{"start":{"line":349,"column":12},"end":{"line":349,"column":154}},"96":{"start":{"line":352,"column":12},"end":{"line":361,"column":13}},"97":{"start":{"line":353,"column":16},"end":{"line":360,"column":19}},"98":{"start":{"line":364,"column":12},"end":{"line":373,"column":13}},"99":{"start":{"line":365,"column":16},"end":{"line":372,"column":19}},"100":{"start":{"line":376,"column":29},"end":{"line":385,"column":14}},"101":{"start":{"line":387,"column":12},"end":{"line":401,"column":13}},"102":{"start":{"line":388,"column":32},"end":{"line":388,"column":78}},"103":{"start":{"line":389,"column":34},"end":{"line":389,"column":90}},"104":{"start":{"line":391,"column":16},"end":{"line":400,"column":17}},"105":{"start":{"line":392,"column":20},"end":{"line":399,"column":23}},"106":{"start":{"line":403,"column":12},"end":{"line":407,"column":15}},"107":{"start":{"line":409,"column":12},"end":{"line":409,"column":53}},"108":{"start":{"line":409,"column":34},"end":{"line":409,"column":53}},"109":{"start":{"line":410,"column":12},"end":{"line":410,"column":65}},"110":{"start":{"line":411,"column":12},"end":{"line":411,"column":93}},"111":{"start":{"line":419,"column":18},"end":{"line":419,"column":47}},"112":{"start":{"line":420,"column":8},"end":{"line":495,"column":9}},"113":{"start":{"line":421,"column":27},"end":{"line":421,"column":37}},"114":{"start":{"line":425,"column":16},"end":{"line":425,"column":24}},"115":{"start":{"line":426,"column":27},"end":{"line":426,"column":42}},"116":{"start":{"line":428,"column":28},"end":{"line":428,"column":60}},"117":{"start":{"line":429,"column":12},"end":{"line":431,"column":13}},"118":{"start":{"line":430,"column":16},"end":{"line":430,"column":83}},"119":{"start":{"line":434,"column":12},"end":{"line":436,"column":13}},"120":{"start":{"line":435,"column":16},"end":{"line":435,"column":113}},"121":{"start":{"line":438,"column":28},"end":{"line":438,"column":90}},"122":{"start":{"line":441,"column":12},"end":{"line":450,"column":35}},"123":{"start":{"line":453,"column":12},"end":{"line":484,"column":13}},"124":{"start":{"line":454,"column":16},"end":{"line":483,"column":17}},"125":{"start":{"line":455,"column":43},"end":{"line":470,"column":21}},"126":{"start":{"line":472,"column":20},"end":{"line":474,"column":21}},"127":{"start":{"line":473,"column":24},"end":{"line":473,"column":78}},"128":{"start":{"line":476,"column":20},"end":{"line":482,"column":23}},"129":{"start":{"line":486,"column":12},"end":{"line":486,"column":29}},"130":{"start":{"line":488,"column":12},"end":{"line":488,"column":131}},"131":{"start":{"line":490,"column":12},"end":{"line":490,"column":99}},"132":{"start":{"line":492,"column":12},"end":{"line":492,"column":53}},"133":{"start":{"line":492,"column":34},"end":{"line":492,"column":53}},"134":{"start":{"line":493,"column":12},"end":{"line":493,"column":65}},"135":{"start":{"line":494,"column":12},"end":{"line":494,"column":90}},"136":{"start":{"line":499,"column":0},"end":{"line":499,"column":47}}},"fnMap":{"0":{"name":"(anonymous_0)","decl":{"start":{"line":15,"column":4},"end":{"line":15,"column":5}},"loc":{"start":{"line":15,"column":34},"end":{"line":95,"column":5}},"line":15},"1":{"name":"(anonymous_1)","decl":{"start":{"line":37,"column":44},"end":{"line":37,"column":45}},"loc":{"start":{"line":37,"column":53},"end":{"line":43,"column":17}},"line":37},"2":{"name":"(anonymous_2)","decl":{"start":{"line":100,"column":4},"end":{"line":100,"column":5}},"loc":{"start":{"line":100,"column":35},"end":{"line":200,"column":5}},"line":100},"3":{"name":"(anonymous_3)","decl":{"start":{"line":169,"column":33},"end":{"line":169,"column":34}},"loc":{"start":{"line":169,"column":39},"end":{"line":171,"column":13}},"line":169},"4":{"name":"(anonymous_4)","decl":{"start":{"line":176,"column":42},"end":{"line":176,"column":43}},"loc":{"start":{"line":176,"column":49},"end":{"line":185,"column":13}},"line":176},"5":{"name":"(anonymous_5)","decl":{"start":{"line":179,"column":56},"end":{"line":179,"column":57}},"loc":{"start":{"line":179,"column":64},"end":{"line":182,"column":21}},"line":179},"6":{"name":"(anonymous_6)","decl":{"start":{"line":205,"column":4},"end":{"line":205,"column":5}},"loc":{"start":{"line":205,"column":35},"end":{"line":239,"column":5}},"line":205},"7":{"name":"(anonymous_7)","decl":{"start":{"line":228,"column":60},"end":{"line":228,"column":61}},"loc":{"start":{"line":228,"column":68},"end":{"line":231,"column":17}},"line":228},"8":{"name":"(anonymous_8)","decl":{"start":{"line":244,"column":4},"end":{"line":244,"column":5}},"loc":{"start":{"line":244,"column":33},"end":{"line":413,"column":5}},"line":244},"9":{"name":"(anonymous_9)","decl":{"start":{"line":418,"column":4},"end":{"line":418,"column":5}},"loc":{"start":{"line":418,"column":34},"end":{"line":496,"column":5}},"line":418}},"branchMap":{"0":{"loc":{"start":{"line":29,"column":24},"end":{"line":29,"column":41}},"type":"binary-expr","locations":[{"start":{"line":29,"column":24},"end":{"line":29,"column":36}},{"start":{"line":29,"column":40},"end":{"line":29,"column":41}}],"line":29},"1":{"loc":{"start":{"line":30,"column":28},"end":{"line":30,"column":43}},"type":"binary-expr","locations":[{"start":{"line":30,"column":28},"end":{"line":30,"column":38}},{"start":{"line":30,"column":42},"end":{"line":30,"column":43}}],"line":30},"2":{"loc":{"start":{"line":36,"column":12},"end":{"line":45,"column":13}},"type":"if","locations":[{"start":{"line":36,"column":12},"end":{"line":45,"column":13}},{"start":{},"end":{}}],"line":36},"3":{"loc":{"start":{"line":36,"column":16},"end":{"line":36,"column":41}},"type":"binary-expr","locations":[{"start":{"line":36,"column":16},"end":{"line":36,"column":21}},{"start":{"line":36,"column":25},"end":{"line":36,"column":41}}],"line":36},"4":{"loc":{"start":{"line":39,"column":36},"end":{"line":39,"column":60}},"type":"binary-expr","locations":[{"start":{"line":39,"column":36},"end":{"line":39,"column":55}},{"start":{"line":39,"column":59},"end":{"line":39,"column":60}}],"line":39},"5":{"loc":{"start":{"line":40,"column":39},"end":{"line":40,"column":90}},"type":"cond-expr","locations":[{"start":{"line":40,"column":61},"end":{"line":40,"column":83}},{"start":{"line":40,"column":86},"end":{"line":40,"column":90}}],"line":40},"6":{"loc":{"start":{"line":74,"column":16},"end":{"line":83,"column":17}},"type":"if","locations":[{"start":{"line":74,"column":16},"end":{"line":83,"column":17}},{"start":{},"end":{}}],"line":74},"7":{"loc":{"start":{"line":91,"column":12},"end":{"line":91,"column":53}},"type":"if","locations":[{"start":{"line":91,"column":12},"end":{"line":91,"column":53}},{"start":{},"end":{}}],"line":91},"8":{"loc":{"start":{"line":91,"column":16},"end":{"line":91,"column":32}},"type":"binary-expr","locations":[{"start":{"line":91,"column":16},"end":{"line":91,"column":17}},{"start":{"line":91,"column":21},"end":{"line":91,"column":32}}],"line":91},"9":{"loc":{"start":{"line":102,"column":67},"end":{"line":102,"column":75}},"type":"default-arg","locations":[{"start":{"line":102,"column":74},"end":{"line":102,"column":75}}],"line":102},"10":{"loc":{"start":{"line":102,"column":77},"end":{"line":102,"column":87}},"type":"default-arg","locations":[{"start":{"line":102,"column":85},"end":{"line":102,"column":87}}],"line":102},"11":{"loc":{"start":{"line":108,"column":12},"end":{"line":110,"column":13}},"type":"if","locations":[{"start":{"line":108,"column":12},"end":{"line":110,"column":13}},{"start":{},"end":{}}],"line":108},"12":{"loc":{"start":{"line":108,"column":16},"end":{"line":108,"column":76}},"type":"binary-expr","locations":[{"start":{"line":108,"column":16},"end":{"line":108,"column":36}},{"start":{"line":108,"column":40},"end":{"line":108,"column":53}},{"start":{"line":108,"column":57},"end":{"line":108,"column":76}}],"line":108},"13":{"loc":{"start":{"line":112,"column":12},"end":{"line":112,"column":64}},"type":"if","locations":[{"start":{"line":112,"column":12},"end":{"line":112,"column":64}},{"start":{},"end":{}}],"line":112},"14":{"loc":{"start":{"line":115,"column":12},"end":{"line":122,"column":13}},"type":"if","locations":[{"start":{"line":115,"column":12},"end":{"line":122,"column":13}},{"start":{},"end":{}}],"line":115},"15":{"loc":{"start":{"line":125,"column":12},"end":{"line":130,"column":13}},"type":"if","locations":[{"start":{"line":125,"column":12},"end":{"line":130,"column":13}},{"start":{},"end":{}}],"line":125},"16":{"loc":{"start":{"line":125,"column":16},"end":{"line":125,"column":34}},"type":"binary-expr","locations":[{"start":{"line":125,"column":16},"end":{"line":125,"column":24}},{"start":{"line":125,"column":28},"end":{"line":125,"column":34}}],"line":125},"17":{"loc":{"start":{"line":127,"column":16},"end":{"line":127,"column":72}},"type":"if","locations":[{"start":{"line":127,"column":16},"end":{"line":127,"column":72}},{"start":{},"end":{}}],"line":127},"18":{"loc":{"start":{"line":128,"column":16},"end":{"line":128,"column":68}},"type":"if","locations":[{"start":{"line":128,"column":16},"end":{"line":128,"column":68}},{"start":{},"end":{}}],"line":128},"19":{"loc":{"start":{"line":173,"column":28},"end":{"line":173,"column":90}},"type":"binary-expr","locations":[{"start":{"line":173,"column":28},"end":{"line":173,"column":57}},{"start":{"line":173,"column":61},"end":{"line":173,"column":90}}],"line":173},"20":{"loc":{"start":{"line":178,"column":16},"end":{"line":183,"column":17}},"type":"if","locations":[{"start":{"line":178,"column":16},"end":{"line":183,"column":17}},{"start":{},"end":{}}],"line":178},"21":{"loc":{"start":{"line":178,"column":20},"end":{"line":178,"column":46}},"type":"binary-expr","locations":[{"start":{"line":178,"column":20},"end":{"line":178,"column":28}},{"start":{"line":178,"column":32},"end":{"line":178,"column":46}}],"line":178},"22":{"loc":{"start":{"line":219,"column":12},"end":{"line":221,"column":13}},"type":"if","locations":[{"start":{"line":219,"column":12},"end":{"line":221,"column":13}},{"start":{},"end":{}}],"line":219},"23":{"loc":{"start":{"line":223,"column":28},"end":{"line":223,"column":90}},"type":"binary-expr","locations":[{"start":{"line":223,"column":28},"end":{"line":223,"column":57}},{"start":{"line":223,"column":61},"end":{"line":223,"column":90}}],"line":223},"24":{"loc":{"start":{"line":227,"column":12},"end":{"line":232,"column":13}},"type":"if","locations":[{"start":{"line":227,"column":12},"end":{"line":232,"column":13}},{"start":{},"end":{}}],"line":227},"25":{"loc":{"start":{"line":227,"column":16},"end":{"line":227,"column":46}},"type":"binary-expr","locations":[{"start":{"line":227,"column":16},"end":{"line":227,"column":24}},{"start":{"line":227,"column":28},"end":{"line":227,"column":46}}],"line":227},"26":{"loc":{"start":{"line":259,"column":12},"end":{"line":262,"column":13}},"type":"if","locations":[{"start":{"line":259,"column":12},"end":{"line":262,"column":13}},{"start":{},"end":{}}],"line":259},"27":{"loc":{"start":{"line":269,"column":39},"end":{"line":269,"column":93}},"type":"binary-expr","locations":[{"start":{"line":269,"column":39},"end":{"line":269,"column":60}},{"start":{"line":269,"column":64},"end":{"line":269,"column":93}}],"line":269},"28":{"loc":{"start":{"line":270,"column":22},"end":{"line":270,"column":42}},"type":"binary-expr","locations":[{"start":{"line":270,"column":22},"end":{"line":270,"column":26}},{"start":{"line":270,"column":30},"end":{"line":270,"column":42}}],"line":270},"29":{"loc":{"start":{"line":277,"column":12},"end":{"line":345,"column":13}},"type":"if","locations":[{"start":{"line":277,"column":12},"end":{"line":345,"column":13}},{"start":{},"end":{}}],"line":277},"30":{"loc":{"start":{"line":277,"column":16},"end":{"line":277,"column":87}},"type":"binary-expr","locations":[{"start":{"line":277,"column":16},"end":{"line":277,"column":36}},{"start":{"line":277,"column":40},"end":{"line":277,"column":63}},{"start":{"line":277,"column":67},"end":{"line":277,"column":87}}],"line":277},"31":{"loc":{"start":{"line":282,"column":40},"end":{"line":282,"column":84}},"type":"binary-expr","locations":[{"start":{"line":282,"column":40},"end":{"line":282,"column":66}},{"start":{"line":282,"column":70},"end":{"line":282,"column":84}}],"line":282},"32":{"loc":{"start":{"line":285,"column":36},"end":{"line":285,"column":63}},"type":"binary-expr","locations":[{"start":{"line":285,"column":36},"end":{"line":285,"column":58}},{"start":{"line":285,"column":62},"end":{"line":285,"column":63}}],"line":285},"33":{"loc":{"start":{"line":287,"column":29},"end":{"line":287,"column":98}},"type":"binary-expr","locations":[{"start":{"line":287,"column":29},"end":{"line":287,"column":44}},{"start":{"line":287,"column":49},"end":{"line":287,"column":97}}],"line":287},"34":{"loc":{"start":{"line":287,"column":49},"end":{"line":287,"column":97}},"type":"cond-expr","locations":[{"start":{"line":287,"column":68},"end":{"line":287,"column":92}},{"start":{"line":287,"column":95},"end":{"line":287,"column":97}}],"line":287},"35":{"loc":{"start":{"line":288,"column":34},"end":{"line":288,"column":87}},"type":"binary-expr","locations":[{"start":{"line":288,"column":34},"end":{"line":288,"column":54}},{"start":{"line":288,"column":58},"end":{"line":288,"column":87}}],"line":288},"36":{"loc":{"start":{"line":298,"column":16},"end":{"line":331,"column":17}},"type":"if","locations":[{"start":{"line":298,"column":16},"end":{"line":331,"column":17}},{"start":{},"end":{}}],"line":298},"37":{"loc":{"start":{"line":298,"column":20},"end":{"line":298,"column":61}},"type":"binary-expr","locations":[{"start":{"line":298,"column":20},"end":{"line":298,"column":33}},{"start":{"line":298,"column":37},"end":{"line":298,"column":61}}],"line":298},"38":{"loc":{"start":{"line":316,"column":43},"end":{"line":316,"column":70}},"type":"binary-expr","locations":[{"start":{"line":316,"column":43},"end":{"line":316,"column":64}},{"start":{"line":316,"column":68},"end":{"line":316,"column":70}}],"line":316},"39":{"loc":{"start":{"line":321,"column":24},"end":{"line":329,"column":25}},"type":"if","locations":[{"start":{"line":321,"column":24},"end":{"line":329,"column":25}},{"start":{},"end":{}}],"line":321},"40":{"loc":{"start":{"line":352,"column":12},"end":{"line":361,"column":13}},"type":"if","locations":[{"start":{"line":352,"column":12},"end":{"line":361,"column":13}},{"start":{},"end":{}}],"line":352},"41":{"loc":{"start":{"line":356,"column":95},"end":{"line":356,"column":138}},"type":"cond-expr","locations":[{"start":{"line":356,"column":112},"end":{"line":356,"column":133}},{"start":{"line":356,"column":136},"end":{"line":356,"column":138}}],"line":356},"42":{"loc":{"start":{"line":364,"column":12},"end":{"line":373,"column":13}},"type":"if","locations":[{"start":{"line":364,"column":12},"end":{"line":373,"column":13}},{"start":{},"end":{}}],"line":364},"43":{"loc":{"start":{"line":391,"column":16},"end":{"line":400,"column":17}},"type":"if","locations":[{"start":{"line":391,"column":16},"end":{"line":400,"column":17}},{"start":{},"end":{}}],"line":391},"44":{"loc":{"start":{"line":391,"column":20},"end":{"line":391,"column":42}},"type":"binary-expr","locations":[{"start":{"line":391,"column":20},"end":{"line":391,"column":28}},{"start":{"line":391,"column":32},"end":{"line":391,"column":42}}],"line":391},"45":{"loc":{"start":{"line":395,"column":96},"end":{"line":395,"column":138}},"type":"cond-expr","locations":[{"start":{"line":395,"column":113},"end":{"line":395,"column":133}},{"start":{"line":395,"column":136},"end":{"line":395,"column":138}}],"line":395},"46":{"loc":{"start":{"line":404,"column":25},"end":{"line":404,"column":106}},"type":"cond-expr","locations":[{"start":{"line":404,"column":42},"end":{"line":404,"column":82}},{"start":{"line":404,"column":85},"end":{"line":404,"column":106}}],"line":404},"47":{"loc":{"start":{"line":409,"column":12},"end":{"line":409,"column":53}},"type":"if","locations":[{"start":{"line":409,"column":12},"end":{"line":409,"column":53}},{"start":{},"end":{}}],"line":409},"48":{"loc":{"start":{"line":409,"column":16},"end":{"line":409,"column":32}},"type":"binary-expr","locations":[{"start":{"line":409,"column":16},"end":{"line":409,"column":17}},{"start":{"line":409,"column":21},"end":{"line":409,"column":32}}],"line":409},"49":{"loc":{"start":{"line":429,"column":12},"end":{"line":431,"column":13}},"type":"if","locations":[{"start":{"line":429,"column":12},"end":{"line":431,"column":13}},{"start":{},"end":{}}],"line":429},"50":{"loc":{"start":{"line":434,"column":12},"end":{"line":436,"column":13}},"type":"if","locations":[{"start":{"line":434,"column":12},"end":{"line":436,"column":13}},{"start":{},"end":{}}],"line":434},"51":{"loc":{"start":{"line":434,"column":16},"end":{"line":434,"column":60}},"type":"binary-expr","locations":[{"start":{"line":434,"column":16},"end":{"line":434,"column":36}},{"start":{"line":434,"column":40},"end":{"line":434,"column":60}}],"line":434},"52":{"loc":{"start":{"line":438,"column":28},"end":{"line":438,"column":90}},"type":"binary-expr","locations":[{"start":{"line":438,"column":28},"end":{"line":438,"column":57}},{"start":{"line":438,"column":61},"end":{"line":438,"column":90}}],"line":438},"53":{"loc":{"start":{"line":442,"column":32},"end":{"line":442,"column":102}},"type":"cond-expr","locations":[{"start":{"line":442,"column":63},"end":{"line":442,"column":77}},{"start":{"line":442,"column":80},"end":{"line":442,"column":102}}],"line":442},"54":{"loc":{"start":{"line":443,"column":30},"end":{"line":443,"column":94}},"type":"cond-expr","locations":[{"start":{"line":443,"column":59},"end":{"line":443,"column":71}},{"start":{"line":443,"column":74},"end":{"line":443,"column":94}}],"line":443},"55":{"loc":{"start":{"line":444,"column":39},"end":{"line":444,"column":112}},"type":"cond-expr","locations":[{"start":{"line":444,"column":68},"end":{"line":444,"column":80}},{"start":{"line":444,"column":83},"end":{"line":444,"column":112}}],"line":444},"56":{"loc":{"start":{"line":445,"column":43},"end":{"line":445,"column":105}},"type":"binary-expr","locations":[{"start":{"line":445,"column":43},"end":{"line":445,"column":68}},{"start":{"line":445,"column":72},"end":{"line":445,"column":105}}],"line":445},"57":{"loc":{"start":{"line":446,"column":36},"end":{"line":446,"column":84}},"type":"binary-expr","locations":[{"start":{"line":446,"column":36},"end":{"line":446,"column":54}},{"start":{"line":446,"column":58},"end":{"line":446,"column":84}}],"line":446},"58":{"loc":{"start":{"line":447,"column":22},"end":{"line":447,"column":42}},"type":"binary-expr","locations":[{"start":{"line":447,"column":22},"end":{"line":447,"column":26}},{"start":{"line":447,"column":30},"end":{"line":447,"column":42}}],"line":447},"59":{"loc":{"start":{"line":453,"column":12},"end":{"line":484,"column":13}},"type":"if","locations":[{"start":{"line":453,"column":12},"end":{"line":484,"column":13}},{"start":{},"end":{}}],"line":453},"60":{"loc":{"start":{"line":453,"column":16},"end":{"line":453,"column":41}},"type":"binary-expr","locations":[{"start":{"line":453,"column":16},"end":{"line":453,"column":21}},{"start":{"line":453,"column":25},"end":{"line":453,"column":41}}],"line":453},"61":{"loc":{"start":{"line":466,"column":36},"end":{"line":466,"column":95}},"type":"cond-expr","locations":[{"start":{"line":466,"column":68},"end":{"line":466,"column":83}},{"start":{"line":466,"column":86},"end":{"line":466,"column":95}}],"line":466},"62":{"loc":{"start":{"line":472,"column":20},"end":{"line":474,"column":21}},"type":"if","locations":[{"start":{"line":472,"column":20},"end":{"line":474,"column":21}},{"start":{},"end":{}}],"line":472},"63":{"loc":{"start":{"line":472,"column":24},"end":{"line":472,"column":69}},"type":"binary-expr","locations":[{"start":{"line":472,"column":24},"end":{"line":472,"column":31}},{"start":{"line":472,"column":35},"end":{"line":472,"column":69}}],"line":472},"64":{"loc":{"start":{"line":492,"column":12},"end":{"line":492,"column":53}},"type":"if","locations":[{"start":{"line":492,"column":12},"end":{"line":492,"column":53}},{"start":{},"end":{}}],"line":492},"65":{"loc":{"start":{"line":492,"column":16},"end":{"line":492,"column":32}},"type":"binary-expr","locations":[{"start":{"line":492,"column":16},"end":{"line":492,"column":17}},{"start":{"line":492,"column":21},"end":{"line":492,"column":32}}],"line":492}},"s":{"0":1,"1":1,"2":1,"3":1,"4":1,"5":1,"6":1,"7":1,"8":1,"9":1,"10":1,"11":1,"12":1,"13":1,"14":1,"15":1,"16":1,"17":1,"18":1,"19":1,"20":1,"21":0,"22":0,"23":0,"24":0,"25":1,"26":1,"27":1,"28":1,"29":1,"30":0,"31":1,"32":0,"33":1,"34":0,"35":1,"36":0,"37":0,"38":0,"39":0,"40":0,"41":0,"42":1,"43":1,"44":1,"45":1,"46":1,"47":1,"48":1,"49":1,"50":1,"51":0,"52":0,"53":0,"54":1,"55":1,"56":0,"57":0,"58":1,"59":1,"60":1,"61":1,"62":0,"63":1,"64":1,"65":1,"66":0,"67":0,"68":0,"69":1,"70":0,"71":0,"72":1,"73":1,"74":1,"75":1,"76":1,"77":1,"78":1,"79":0,"80":0,"81":1,"82":1,"83":1,"84":1,"85":0,"86":0,"87":0,"88":0,"89":0,"90":0,"91":0,"92":0,"93":0,"94":1,"95":1,"96":1,"97":1,"98":1,"99":0,"100":1,"101":1,"102":0,"103":0,"104":0,"105":0,"106":1,"107":0,"108":0,"109":0,"110":0,"111":1,"112":1,"113":1,"114":1,"115":1,"116":1,"117":1,"118":0,"119":1,"120":0,"121":1,"122":1,"123":1,"124":1,"125":1,"126":1,"127":1,"128":1,"129":1,"130":1,"131":1,"132":0,"133":0,"134":0,"135":0,"136":1},"f":{"0":1,"1":1,"2":1,"3":1,"4":1,"5":0,"6":1,"7":0,"8":1,"9":1},"b":{"0":[1,1],"1":[1,1],"2":[1,0],"3":[1,1],"4":[1,1],"5":[0,1],"6":[1,0],"7":[0,0],"8":[0,0],"9":[0],"10":[0],"11":[0,1],"12":[1,0,0],"13":[0,1],"14":[0,1],"15":[0,1],"16":[1,1],"17":[0,0],"18":[0,0],"19":[1,0],"20":[0,1],"21":[1,0],"22":[0,1],"23":[1,0],"24":[0,1],"25":[1,0],"26":[0,1],"27":[1,1],"28":[1,1],"29":[0,1],"30":[1,0,0],"31":[0,0],"32":[0,0],"33":[0,0],"34":[0,0],"35":[0,0],"36":[0,0],"37":[0,0],"38":[0,0],"39":[0,0],"40":[1,0],"41":[0,1],"42":[0,1],"43":[0,0],"44":[0,0],"45":[0,0],"46":[0,1],"47":[0,0],"48":[0,0],"49":[0,1],"50":[0,1],"51":[1,0],"52":[1,0],"53":[1,0],"54":[0,1],"55":[0,1],"56":[1,1],"57":[1,1],"58":[1,1],"59":[1,0],"60":[1,1],"61":[0,1],"62":[1,0],"63":[1,1],"64":[0,0],"65":[0,0]},"_coverageSchema":"1a1c01bbd47fc00a2c39e90264f33305004495a9","hash":"c0d6febc08916b35428a4a8df757e76a672c4e5b"},"D:\\TPF-SIMS\\server\\src\\controller\\systemLog.controller.js":{"path":"D:\\TPF-SIMS\\server\\src\\controller\\systemLog.controller.js","statementMap":{"0":{"start":{"line":1,"column":15},"end":{"line":1,"column":35}},"1":{"start":{"line":2,"column":58},"end":{"line":2,"column":80}},"2":{"start":{"line":14,"column":4},"end":{"line":78,"column":5}},"3":{"start":{"line":15,"column":72},"end":{"line":15,"column":81}},"4":{"start":{"line":16,"column":21},"end":{"line":16,"column":39}},"5":{"start":{"line":18,"column":20},"end":{"line":18,"column":22}},"6":{"start":{"line":21,"column":6},"end":{"line":28,"column":7}},"7":{"start":{"line":22,"column":8},"end":{"line":27,"column":10}},"8":{"start":{"line":31,"column":6},"end":{"line":33,"column":7}},"9":{"start":{"line":32,"column":8},"end":{"line":32,"column":28}},"10":{"start":{"line":36,"column":6},"end":{"line":46,"column":7}},"11":{"start":{"line":37,"column":8},"end":{"line":37,"column":30}},"12":{"start":{"line":38,"column":8},"end":{"line":40,"column":9}},"13":{"start":{"line":39,"column":10},"end":{"line":39,"column":56}},"14":{"start":{"line":41,"column":8},"end":{"line":45,"column":9}},"15":{"start":{"line":42,"column":27},"end":{"line":42,"column":43}},"16":{"start":{"line":43,"column":10},"end":{"line":43,"column":45}},"17":{"start":{"line":44,"column":10},"end":{"line":44,"column":46}},"18":{"start":{"line":48,"column":30},"end":{"line":64,"column":8}},"19":{"start":{"line":66,"column":6},"end":{"line":74,"column":9}},"20":{"start":{"line":76,"column":6},"end":{"line":76,"column":57}},"21":{"start":{"line":77,"column":6},"end":{"line":77,"column":79}},"22":{"start":{"line":90,"column":4},"end":{"line":103,"column":5}},"23":{"start":{"line":91,"column":22},"end":{"line":98,"column":7}},"24":{"start":{"line":100,"column":6},"end":{"line":100,"column":38}},"25":{"start":{"line":102,"column":6},"end":{"line":102,"column":59}},"26":{"start":{"line":107,"column":0},"end":{"line":107,"column":43}}},"fnMap":{"0":{"name":"(anonymous_0)","decl":{"start":{"line":13,"column":2},"end":{"line":13,"column":3}},"loc":{"start":{"line":13,"column":29},"end":{"line":79,"column":3}},"line":13},"1":{"name":"(anonymous_1)","decl":{"start":{"line":89,"column":2},"end":{"line":89,"column":3}},"loc":{"start":{"line":89,"column":72},"end":{"line":104,"column":3}},"line":89}},"branchMap":{"0":{"loc":{"start":{"line":15,"column":47},"end":{"line":15,"column":55}},"type":"default-arg","locations":[{"start":{"line":15,"column":54},"end":{"line":15,"column":55}}],"line":15},"1":{"loc":{"start":{"line":15,"column":57},"end":{"line":15,"column":67}},"type":"default-arg","locations":[{"start":{"line":15,"column":65},"end":{"line":15,"column":67}}],"line":15},"2":{"loc":{"start":{"line":21,"column":6},"end":{"line":28,"column":7}},"type":"if","locations":[{"start":{"line":21,"column":6},"end":{"line":28,"column":7}},{"start":{},"end":{}}],"line":21},"3":{"loc":{"start":{"line":31,"column":6},"end":{"line":33,"column":7}},"type":"if","locations":[{"start":{"line":31,"column":6},"end":{"line":33,"column":7}},{"start":{},"end":{}}],"line":31},"4":{"loc":{"start":{"line":36,"column":6},"end":{"line":46,"column":7}},"type":"if","locations":[{"start":{"line":36,"column":6},"end":{"line":46,"column":7}},{"start":{},"end":{}}],"line":36},"5":{"loc":{"start":{"line":36,"column":10},"end":{"line":36,"column":28}},"type":"binary-expr","locations":[{"start":{"line":36,"column":10},"end":{"line":36,"column":18}},{"start":{"line":36,"column":22},"end":{"line":36,"column":28}}],"line":36},"6":{"loc":{"start":{"line":38,"column":8},"end":{"line":40,"column":9}},"type":"if","locations":[{"start":{"line":38,"column":8},"end":{"line":40,"column":9}},{"start":{},"end":{}}],"line":38},"7":{"loc":{"start":{"line":41,"column":8},"end":{"line":45,"column":9}},"type":"if","locations":[{"start":{"line":41,"column":8},"end":{"line":45,"column":9}},{"start":{},"end":{}}],"line":41},"8":{"loc":{"start":{"line":89,"column":28},"end":{"line":89,"column":39}},"type":"default-arg","locations":[{"start":{"line":89,"column":37},"end":{"line":89,"column":39}}],"line":89},"9":{"loc":{"start":{"line":89,"column":41},"end":{"line":89,"column":55}},"type":"default-arg","locations":[{"start":{"line":89,"column":49},"end":{"line":89,"column":55}}],"line":89},"10":{"loc":{"start":{"line":89,"column":57},"end":{"line":89,"column":70}},"type":"default-arg","locations":[{"start":{"line":89,"column":66},"end":{"line":89,"column":70}}],"line":89},"11":{"loc":{"start":{"line":92,"column":25},"end":{"line":92,"column":59}},"type":"binary-expr","locations":[{"start":{"line":92,"column":25},"end":{"line":92,"column":31}},{"start":{"line":92,"column":35},"end":{"line":92,"column":51}},{"start":{"line":92,"column":55},"end":{"line":92,"column":59}}],"line":92},"12":{"loc":{"start":{"line":96,"column":20},"end":{"line":96,"column":64}},"type":"binary-expr","locations":[{"start":{"line":96,"column":20},"end":{"line":96,"column":26}},{"start":{"line":96,"column":30},"end":{"line":96,"column":58}},{"start":{"line":96,"column":62},"end":{"line":96,"column":64}}],"line":96},"13":{"loc":{"start":{"line":97,"column":20},"end":{"line":97,"column":67}},"type":"cond-expr","locations":[{"start":{"line":97,"column":34},"end":{"line":97,"column":59}},{"start":{"line":97,"column":62},"end":{"line":97,"column":67}}],"line":97}},"s":{"0":3,"1":3,"2":0,"3":0,"4":0,"5":0,"6":0,"7":0,"8":0,"9":0,"10":0,"11":0,"12":0,"13":0,"14":0,"15":0,"16":0,"17":0,"18":0,"19":0,"20":0,"21":0,"22":0,"23":0,"24":0,"25":0,"26":3},"f":{"0":0,"1":0},"b":{"0":[0],"1":[0],"2":[0,0],"3":[0,0],"4":[0,0],"5":[0,0],"6":[0,0],"7":[0,0],"8":[0],"9":[0],"10":[0],"11":[0,0,0],"12":[0,0,0],"13":[0,0]},"_coverageSchema":"1a1c01bbd47fc00a2c39e90264f33305004495a9","hash":"cac5ad7ad34bb0eece5a91843a44b4843d92cf63"},"D:\\TPF-SIMS\\server\\src\\controller\\order.controller.js":{"path":"D:\\TPF-SIMS\\server\\src\\controller\\order.controller.js","statementMap":{"0":{"start":{"line":1,"column":15},"end":{"line":1,"column":35}},"1":{"start":{"line":6,"column":4},"end":{"line":6,"column":26}},"2":{"start":{"line":7,"column":28},"end":{"line":7,"column":61}},"3":{"start":{"line":8,"column":29},"end":{"line":8,"column":64}},"4":{"start":{"line":21,"column":8},"end":{"line":128,"column":9}},"5":{"start":{"line":22,"column":97},"end":{"line":22,"column":106}},"6":{"start":{"line":23,"column":27},"end":{"line":23,"column":45}},"7":{"start":{"line":25,"column":26},"end":{"line":25,"column":39}},"8":{"start":{"line":27,"column":12},"end":{"line":29,"column":13}},"9":{"start":{"line":28,"column":16},"end":{"line":28,"column":50}},"10":{"start":{"line":31,"column":12},"end":{"line":33,"column":13}},"11":{"start":{"line":32,"column":16},"end":{"line":32,"column":46}},"12":{"start":{"line":35,"column":12},"end":{"line":40,"column":13}},"13":{"start":{"line":36,"column":33},"end":{"line":36,"column":35}},"14":{"start":{"line":37,"column":16},"end":{"line":37,"column":72}},"15":{"start":{"line":37,"column":30},"end":{"line":37,"column":72}},"16":{"start":{"line":38,"column":16},"end":{"line":38,"column":68}},"17":{"start":{"line":38,"column":28},"end":{"line":38,"column":68}},"18":{"start":{"line":39,"column":16},"end":{"line":39,"column":44}},"19":{"start":{"line":42,"column":12},"end":{"line":50,"column":13}},"20":{"start":{"line":43,"column":16},"end":{"line":46,"column":18}},"21":{"start":{"line":48,"column":16},"end":{"line":48,"column":107}},"22":{"start":{"line":48,"column":64},"end":{"line":48,"column":105}},"23":{"start":{"line":49,"column":16},"end":{"line":49,"column":67}},"24":{"start":{"line":49,"column":47},"end":{"line":49,"column":67}},"25":{"start":{"line":52,"column":36},"end":{"line":88,"column":14}},"26":{"start":{"line":91,"column":31},"end":{"line":91,"column":43}},"27":{"start":{"line":92,"column":12},"end":{"line":92,"column":43}},"28":{"start":{"line":94,"column":32},"end":{"line":104,"column":14}},"29":{"start":{"line":106,"column":33},"end":{"line":106,"column":35}},"30":{"start":{"line":107,"column":35},"end":{"line":107,"column":36}},"31":{"start":{"line":108,"column":12},"end":{"line":112,"column":15}},"32":{"start":{"line":109,"column":31},"end":{"line":109,"column":48}},"33":{"start":{"line":110,"column":16},"end":{"line":110,"column":54}},"34":{"start":{"line":111,"column":16},"end":{"line":111,"column":43}},"35":{"start":{"line":113,"column":12},"end":{"line":113,"column":51}},"36":{"start":{"line":115,"column":12},"end":{"line":124,"column":15}},"37":{"start":{"line":126,"column":12},"end":{"line":126,"column":58}},"38":{"start":{"line":127,"column":12},"end":{"line":127,"column":96}},"39":{"start":{"line":135,"column":8},"end":{"line":198,"column":9}},"40":{"start":{"line":136,"column":27},"end":{"line":136,"column":37}},"41":{"start":{"line":138,"column":26},"end":{"line":188,"column":14}},"42":{"start":{"line":190,"column":12},"end":{"line":192,"column":13}},"43":{"start":{"line":191,"column":16},"end":{"line":191,"column":84}},"44":{"start":{"line":194,"column":12},"end":{"line":194,"column":57}},"45":{"start":{"line":196,"column":12},"end":{"line":196,"column":59}},"46":{"start":{"line":197,"column":12},"end":{"line":197,"column":95}},"47":{"start":{"line":205,"column":18},"end":{"line":205,"column":47}},"48":{"start":{"line":206,"column":8},"end":{"line":395,"column":9}},"49":{"start":{"line":211,"column":16},"end":{"line":211,"column":24}},"50":{"start":{"line":213,"column":27},"end":{"line":213,"column":42}},"51":{"start":{"line":214,"column":34},"end":{"line":214,"column":51}},"52":{"start":{"line":217,"column":29},"end":{"line":220,"column":14}},"53":{"start":{"line":222,"column":12},"end":{"line":224,"column":13}},"54":{"start":{"line":223,"column":16},"end":{"line":223,"column":88}},"55":{"start":{"line":226,"column":33},"end":{"line":226,"column":60}},"56":{"start":{"line":229,"column":29},"end":{"line":244,"column":34}},"57":{"start":{"line":247,"column":31},"end":{"line":247,"column":79}},"58":{"start":{"line":247,"column":46},"end":{"line":247,"column":61}},"59":{"start":{"line":247,"column":76},"end":{"line":247,"column":78}},"60":{"start":{"line":248,"column":29},"end":{"line":256,"column":14}},"61":{"start":{"line":258,"column":12},"end":{"line":334,"column":13}},"62":{"start":{"line":259,"column":16},"end":{"line":333,"column":17}},"63":{"start":{"line":261,"column":36},"end":{"line":261,"column":93}},"64":{"start":{"line":261,"column":55},"end":{"line":261,"column":92}},"65":{"start":{"line":262,"column":20},"end":{"line":264,"column":21}},"66":{"start":{"line":263,"column":24},"end":{"line":263,"column":117}},"67":{"start":{"line":266,"column":36},"end":{"line":266,"column":58}},"68":{"start":{"line":269,"column":44},"end":{"line":269,"column":60}},"69":{"start":{"line":270,"column":20},"end":{"line":272,"column":21}},"70":{"start":{"line":271,"column":24},"end":{"line":271,"column":70}},"71":{"start":{"line":275,"column":36},"end":{"line":275,"column":51}},"72":{"start":{"line":276,"column":20},"end":{"line":278,"column":21}},"73":{"start":{"line":277,"column":24},"end":{"line":277,"column":96}},"74":{"start":{"line":281,"column":41},"end":{"line":301,"column":42}},"75":{"start":{"line":305,"column":20},"end":{"line":332,"column":21}},"76":{"start":{"line":306,"column":47},"end":{"line":306,"column":70}},"77":{"start":{"line":308,"column":47},"end":{"line":317,"column":26}},"78":{"start":{"line":319,"column":24},"end":{"line":321,"column":25}},"79":{"start":{"line":320,"column":28},"end":{"line":320,"column":177}},"80":{"start":{"line":324,"column":24},"end":{"line":331,"column":25}},"81":{"start":{"line":325,"column":28},"end":{"line":330,"column":51}},"82":{"start":{"line":337,"column":12},"end":{"line":344,"column":35}},"83":{"start":{"line":346,"column":12},"end":{"line":346,"column":29}},"84":{"start":{"line":349,"column":12},"end":{"line":349,"column":134}},"85":{"start":{"line":352,"column":12},"end":{"line":359,"column":15}},"86":{"start":{"line":362,"column":27},"end":{"line":371,"column":14}},"87":{"start":{"line":373,"column":12},"end":{"line":385,"column":13}},"88":{"start":{"line":375,"column":16},"end":{"line":384,"column":17}},"89":{"start":{"line":376,"column":20},"end":{"line":383,"column":23}},"90":{"start":{"line":387,"column":12},"end":{"line":390,"column":15}},"91":{"start":{"line":392,"column":12},"end":{"line":392,"column":53}},"92":{"start":{"line":392,"column":34},"end":{"line":392,"column":53}},"93":{"start":{"line":393,"column":12},"end":{"line":393,"column":56}},"94":{"start":{"line":394,"column":12},"end":{"line":394,"column":103}},"95":{"start":{"line":402,"column":18},"end":{"line":402,"column":47}},"96":{"start":{"line":403,"column":8},"end":{"line":620,"column":9}},"97":{"start":{"line":404,"column":27},"end":{"line":404,"column":37}},"98":{"start":{"line":408,"column":16},"end":{"line":408,"column":24}},"99":{"start":{"line":409,"column":27},"end":{"line":409,"column":42}},"100":{"start":{"line":411,"column":26},"end":{"line":411,"column":50}},"101":{"start":{"line":412,"column":12},"end":{"line":414,"column":13}},"102":{"start":{"line":413,"column":16},"end":{"line":413,"column":59}},"103":{"start":{"line":416,"column":30},"end":{"line":416,"column":48}},"104":{"start":{"line":419,"column":12},"end":{"line":421,"column":13}},"105":{"start":{"line":420,"column":16},"end":{"line":420,"column":69}},"106":{"start":{"line":424,"column":31},"end":{"line":427,"column":13}},"107":{"start":{"line":429,"column":12},"end":{"line":431,"column":13}},"108":{"start":{"line":430,"column":16},"end":{"line":430,"column":55}},"109":{"start":{"line":433,"column":12},"end":{"line":435,"column":13}},"110":{"start":{"line":434,"column":16},"end":{"line":434,"column":59}},"111":{"start":{"line":437,"column":12},"end":{"line":439,"column":13}},"112":{"start":{"line":438,"column":16},"end":{"line":438,"column":59}},"113":{"start":{"line":441,"column":12},"end":{"line":446,"column":13}},"114":{"start":{"line":442,"column":16},"end":{"line":442,"column":61}},"115":{"start":{"line":443,"column":19},"end":{"line":446,"column":13}},"116":{"start":{"line":445,"column":16},"end":{"line":445,"column":103}},"117":{"start":{"line":448,"column":12},"end":{"line":450,"column":13}},"118":{"start":{"line":449,"column":16},"end":{"line":449,"column":67}},"119":{"start":{"line":452,"column":12},"end":{"line":454,"column":13}},"120":{"start":{"line":453,"column":16},"end":{"line":453,"column":57}},"121":{"start":{"line":456,"column":12},"end":{"line":456,"column":63}},"122":{"start":{"line":459,"column":12},"end":{"line":516,"column":13}},"123":{"start":{"line":460,"column":30},"end":{"line":460,"column":101}},"124":{"start":{"line":462,"column":16},"end":{"line":515,"column":17}},"125":{"start":{"line":464,"column":41},"end":{"line":464,"column":119}},"126":{"start":{"line":464,"column":74},"end":{"line":464,"column":118}},"127":{"start":{"line":467,"column":43},"end":{"line":470,"column":22}},"128":{"start":{"line":472,"column":20},"end":{"line":481,"column":21}},"129":{"start":{"line":473,"column":24},"end":{"line":480,"column":47}},"130":{"start":{"line":484,"column":20},"end":{"line":514,"column":21}},"131":{"start":{"line":485,"column":38},"end":{"line":493,"column":25}},"132":{"start":{"line":496,"column":24},"end":{"line":504,"column":25}},"133":{"start":{"line":497,"column":28},"end":{"line":497,"column":85}},"134":{"start":{"line":498,"column":31},"end":{"line":504,"column":25}},"135":{"start":{"line":499,"column":28},"end":{"line":499,"column":56}},"136":{"start":{"line":500,"column":31},"end":{"line":504,"column":25}},"137":{"start":{"line":501,"column":28},"end":{"line":501,"column":56}},"138":{"start":{"line":502,"column":31},"end":{"line":504,"column":25}},"139":{"start":{"line":503,"column":28},"end":{"line":503,"column":56}},"140":{"start":{"line":506,"column":24},"end":{"line":506,"column":81}},"141":{"start":{"line":507,"column":27},"end":{"line":514,"column":21}},"142":{"start":{"line":509,"column":24},"end":{"line":513,"column":47}},"143":{"start":{"line":519,"column":12},"end":{"line":533,"column":13}},"144":{"start":{"line":520,"column":35},"end":{"line":520,"column":106}},"145":{"start":{"line":521,"column":16},"end":{"line":532,"column":17}},"146":{"start":{"line":522,"column":41},"end":{"line":522,"column":80}},"147":{"start":{"line":522,"column":61},"end":{"line":522,"column":79}},"148":{"start":{"line":523,"column":20},"end":{"line":531,"column":23}},"149":{"start":{"line":536,"column":39},"end":{"line":545,"column":13}},"150":{"start":{"line":547,"column":31},"end":{"line":547,"column":105}},"151":{"start":{"line":548,"column":32},"end":{"line":548,"column":51}},"152":{"start":{"line":552,"column":32},"end":{"line":552,"column":96}},"153":{"start":{"line":554,"column":12},"end":{"line":561,"column":35}},"154":{"start":{"line":563,"column":12},"end":{"line":563,"column":29}},"155":{"start":{"line":566,"column":12},"end":{"line":566,"column":130}},"156":{"start":{"line":569,"column":12},"end":{"line":576,"column":15}},"157":{"start":{"line":579,"column":12},"end":{"line":610,"column":13}},"158":{"start":{"line":581,"column":39},"end":{"line":586,"column":18}},"159":{"start":{"line":587,"column":34},"end":{"line":587,"column":103}},"160":{"start":{"line":587,"column":66},"end":{"line":587,"column":77}},"161":{"start":{"line":588,"column":37},"end":{"line":588,"column":88}},"162":{"start":{"line":591,"column":32},"end":{"line":598,"column":18}},"163":{"start":{"line":600,"column":16},"end":{"line":609,"column":17}},"164":{"start":{"line":601,"column":20},"end":{"line":608,"column":23}},"165":{"start":{"line":612,"column":12},"end":{"line":615,"column":15}},"166":{"start":{"line":617,"column":12},"end":{"line":617,"column":53}},"167":{"start":{"line":617,"column":34},"end":{"line":617,"column":53}},"168":{"start":{"line":618,"column":12},"end":{"line":618,"column":63}},"169":{"start":{"line":619,"column":12},"end":{"line":619,"column":119}},"170":{"start":{"line":624,"column":0},"end":{"line":624,"column":39}}},"fnMap":{"0":{"name":"(anonymous_0)","decl":{"start":{"line":20,"column":4},"end":{"line":20,"column":5}},"loc":{"start":{"line":20,"column":33},"end":{"line":129,"column":5}},"line":20},"1":{"name":"(anonymous_1)","decl":{"start":{"line":48,"column":51},"end":{"line":48,"column":52}},"loc":{"start":{"line":48,"column":64},"end":{"line":48,"column":105}},"line":48},"2":{"name":"(anonymous_2)","decl":{"start":{"line":108,"column":32},"end":{"line":108,"column":33}},"loc":{"start":{"line":108,"column":37},"end":{"line":112,"column":13}},"line":108},"3":{"name":"(anonymous_3)","decl":{"start":{"line":134,"column":4},"end":{"line":134,"column":5}},"loc":{"start":{"line":134,"column":33},"end":{"line":199,"column":5}},"line":134},"4":{"name":"(anonymous_4)","decl":{"start":{"line":204,"column":4},"end":{"line":204,"column":5}},"loc":{"start":{"line":204,"column":32},"end":{"line":396,"column":5}},"line":204},"5":{"name":"(anonymous_5)","decl":{"start":{"line":247,"column":41},"end":{"line":247,"column":42}},"loc":{"start":{"line":247,"column":46},"end":{"line":247,"column":61}},"line":247},"6":{"name":"(anonymous_6)","decl":{"start":{"line":247,"column":70},"end":{"line":247,"column":71}},"loc":{"start":{"line":247,"column":76},"end":{"line":247,"column":78}},"line":247},"7":{"name":"(anonymous_7)","decl":{"start":{"line":261,"column":50},"end":{"line":261,"column":51}},"loc":{"start":{"line":261,"column":55},"end":{"line":261,"column":92}},"line":261},"8":{"name":"(anonymous_8)","decl":{"start":{"line":401,"column":4},"end":{"line":401,"column":5}},"loc":{"start":{"line":401,"column":38},"end":{"line":621,"column":5}},"line":401},"9":{"name":"(anonymous_9)","decl":{"start":{"line":464,"column":69},"end":{"line":464,"column":70}},"loc":{"start":{"line":464,"column":74},"end":{"line":464,"column":118}},"line":464},"10":{"name":"(anonymous_10)","decl":{"start":{"line":522,"column":56},"end":{"line":522,"column":57}},"loc":{"start":{"line":522,"column":61},"end":{"line":522,"column":79}},"line":522},"11":{"name":"(anonymous_11)","decl":{"start":{"line":587,"column":61},"end":{"line":587,"column":62}},"loc":{"start":{"line":587,"column":66},"end":{"line":587,"column":77}},"line":587}},"branchMap":{"0":{"loc":{"start":{"line":22,"column":20},"end":{"line":22,"column":28}},"type":"default-arg","locations":[{"start":{"line":22,"column":27},"end":{"line":22,"column":28}}],"line":22},"1":{"loc":{"start":{"line":22,"column":30},"end":{"line":22,"column":40}},"type":"default-arg","locations":[{"start":{"line":22,"column":38},"end":{"line":22,"column":40}}],"line":22},"2":{"loc":{"start":{"line":27,"column":12},"end":{"line":29,"column":13}},"type":"if","locations":[{"start":{"line":27,"column":12},"end":{"line":29,"column":13}},{"start":{},"end":{}}],"line":27},"3":{"loc":{"start":{"line":31,"column":12},"end":{"line":33,"column":13}},"type":"if","locations":[{"start":{"line":31,"column":12},"end":{"line":33,"column":13}},{"start":{},"end":{}}],"line":31},"4":{"loc":{"start":{"line":35,"column":12},"end":{"line":40,"column":13}},"type":"if","locations":[{"start":{"line":35,"column":12},"end":{"line":40,"column":13}},{"start":{},"end":{}}],"line":35},"5":{"loc":{"start":{"line":35,"column":16},"end":{"line":35,"column":34}},"type":"binary-expr","locations":[{"start":{"line":35,"column":16},"end":{"line":35,"column":24}},{"start":{"line":35,"column":28},"end":{"line":35,"column":34}}],"line":35},"6":{"loc":{"start":{"line":37,"column":16},"end":{"line":37,"column":72}},"type":"if","locations":[{"start":{"line":37,"column":16},"end":{"line":37,"column":72}},{"start":{},"end":{}}],"line":37},"7":{"loc":{"start":{"line":38,"column":16},"end":{"line":38,"column":68}},"type":"if","locations":[{"start":{"line":38,"column":16},"end":{"line":38,"column":68}},{"start":{},"end":{}}],"line":38},"8":{"loc":{"start":{"line":42,"column":12},"end":{"line":50,"column":13}},"type":"if","locations":[{"start":{"line":42,"column":12},"end":{"line":50,"column":13}},{"start":{},"end":{}}],"line":42},"9":{"loc":{"start":{"line":44,"column":35},"end":{"line":44,"column":69}},"type":"cond-expr","locations":[{"start":{"line":44,"column":51},"end":{"line":44,"column":60}},{"start":{"line":44,"column":63},"end":{"line":44,"column":69}}],"line":44},"10":{"loc":{"start":{"line":49,"column":16},"end":{"line":49,"column":67}},"type":"if","locations":[{"start":{"line":49,"column":16},"end":{"line":49,"column":67}},{"start":{},"end":{}}],"line":49},"11":{"loc":{"start":{"line":190,"column":12},"end":{"line":192,"column":13}},"type":"if","locations":[{"start":{"line":190,"column":12},"end":{"line":192,"column":13}},{"start":{},"end":{}}],"line":190},"12":{"loc":{"start":{"line":214,"column":34},"end":{"line":214,"column":51}},"type":"binary-expr","locations":[{"start":{"line":214,"column":34},"end":{"line":214,"column":46}},{"start":{"line":214,"column":50},"end":{"line":214,"column":51}}],"line":214},"13":{"loc":{"start":{"line":222,"column":12},"end":{"line":224,"column":13}},"type":"if","locations":[{"start":{"line":222,"column":12},"end":{"line":224,"column":13}},{"start":{},"end":{}}],"line":222},"14":{"loc":{"start":{"line":226,"column":33},"end":{"line":226,"column":60}},"type":"binary-expr","locations":[{"start":{"line":226,"column":33},"end":{"line":226,"column":40}},{"start":{"line":226,"column":44},"end":{"line":226,"column":60}}],"line":226},"15":{"loc":{"start":{"line":241,"column":28},"end":{"line":241,"column":43}},"type":"binary-expr","locations":[{"start":{"line":241,"column":28},"end":{"line":241,"column":38}},{"start":{"line":241,"column":42},"end":{"line":241,"column":43}}],"line":241},"16":{"loc":{"start":{"line":258,"column":12},"end":{"line":334,"column":13}},"type":"if","locations":[{"start":{"line":258,"column":12},"end":{"line":334,"column":13}},{"start":{},"end":{}}],"line":258},"17":{"loc":{"start":{"line":258,"column":16},"end":{"line":258,"column":41}},"type":"binary-expr","locations":[{"start":{"line":258,"column":16},"end":{"line":258,"column":21}},{"start":{"line":258,"column":25},"end":{"line":258,"column":41}}],"line":258},"18":{"loc":{"start":{"line":262,"column":20},"end":{"line":264,"column":21}},"type":"if","locations":[{"start":{"line":262,"column":20},"end":{"line":264,"column":21}},{"start":{},"end":{}}],"line":262},"19":{"loc":{"start":{"line":262,"column":24},"end":{"line":262,"column":54}},"type":"binary-expr","locations":[{"start":{"line":262,"column":24},"end":{"line":262,"column":32}},{"start":{"line":262,"column":36},"end":{"line":262,"column":54}}],"line":262},"20":{"loc":{"start":{"line":270,"column":20},"end":{"line":272,"column":21}},"type":"if","locations":[{"start":{"line":270,"column":20},"end":{"line":272,"column":21}},{"start":{},"end":{}}],"line":270},"21":{"loc":{"start":{"line":270,"column":24},"end":{"line":270,"column":85}},"type":"binary-expr","locations":[{"start":{"line":270,"column":24},"end":{"line":270,"column":55}},{"start":{"line":270,"column":59},"end":{"line":270,"column":85}}],"line":270},"22":{"loc":{"start":{"line":271,"column":44},"end":{"line":271,"column":69}},"type":"cond-expr","locations":[{"start":{"line":271,"column":64},"end":{"line":271,"column":65}},{"start":{"line":271,"column":68},"end":{"line":271,"column":69}}],"line":271},"23":{"loc":{"start":{"line":276,"column":20},"end":{"line":278,"column":21}},"type":"if","locations":[{"start":{"line":276,"column":20},"end":{"line":278,"column":21}},{"start":{},"end":{}}],"line":276},"24":{"loc":{"start":{"line":276,"column":24},"end":{"line":276,"column":45}},"type":"binary-expr","locations":[{"start":{"line":276,"column":24},"end":{"line":276,"column":34}},{"start":{"line":276,"column":38},"end":{"line":276,"column":45}}],"line":276},"25":{"loc":{"start":{"line":277,"column":36},"end":{"line":277,"column":95}},"type":"cond-expr","locations":[{"start":{"line":277,"column":56},"end":{"line":277,"column":75}},{"start":{"line":277,"column":78},"end":{"line":277,"column":95}}],"line":277},"26":{"loc":{"start":{"line":284,"column":35},"end":{"line":284,"column":103}},"type":"binary-expr","locations":[{"start":{"line":284,"column":35},"end":{"line":284,"column":49}},{"start":{"line":284,"column":53},"end":{"line":284,"column":74}},{"start":{"line":284,"column":78},"end":{"line":284,"column":103}}],"line":284},"27":{"loc":{"start":{"line":285,"column":34},"end":{"line":285,"column":71}},"type":"binary-expr","locations":[{"start":{"line":285,"column":34},"end":{"line":285,"column":47}},{"start":{"line":285,"column":51},"end":{"line":285,"column":71}}],"line":285},"28":{"loc":{"start":{"line":286,"column":39},"end":{"line":286,"column":62}},"type":"binary-expr","locations":[{"start":{"line":286,"column":39},"end":{"line":286,"column":57}},{"start":{"line":286,"column":61},"end":{"line":286,"column":62}}],"line":286},"29":{"loc":{"start":{"line":287,"column":36},"end":{"line":287,"column":50}},"type":"binary-expr","locations":[{"start":{"line":287,"column":36},"end":{"line":287,"column":45}},{"start":{"line":287,"column":49},"end":{"line":287,"column":50}}],"line":287},"30":{"loc":{"start":{"line":289,"column":39},"end":{"line":289,"column":93}},"type":"binary-expr","locations":[{"start":{"line":289,"column":39},"end":{"line":289,"column":57}},{"start":{"line":289,"column":61},"end":{"line":289,"column":93}}],"line":289},"31":{"loc":{"start":{"line":290,"column":36},"end":{"line":290,"column":81}},"type":"binary-expr","locations":[{"start":{"line":290,"column":36},"end":{"line":290,"column":51}},{"start":{"line":290,"column":55},"end":{"line":290,"column":81}}],"line":290},"32":{"loc":{"start":{"line":291,"column":35},"end":{"line":291,"column":66}},"type":"binary-expr","locations":[{"start":{"line":291,"column":35},"end":{"line":291,"column":49}},{"start":{"line":291,"column":53},"end":{"line":291,"column":66}}],"line":291},"33":{"loc":{"start":{"line":292,"column":39},"end":{"line":292,"column":85}},"type":"binary-expr","locations":[{"start":{"line":292,"column":39},"end":{"line":292,"column":57}},{"start":{"line":292,"column":61},"end":{"line":292,"column":85}}],"line":292},"34":{"loc":{"start":{"line":294,"column":40},"end":{"line":294,"column":86}},"type":"binary-expr","locations":[{"start":{"line":294,"column":40},"end":{"line":294,"column":59}},{"start":{"line":294,"column":63},"end":{"line":294,"column":81}},{"start":{"line":294,"column":85},"end":{"line":294,"column":86}}],"line":294},"35":{"loc":{"start":{"line":295,"column":43},"end":{"line":295,"column":98}},"type":"binary-expr","locations":[{"start":{"line":295,"column":43},"end":{"line":295,"column":65}},{"start":{"line":295,"column":69},"end":{"line":295,"column":90}},{"start":{"line":295,"column":94},"end":{"line":295,"column":98}}],"line":295},"36":{"loc":{"start":{"line":296,"column":38},"end":{"line":296,"column":80}},"type":"binary-expr","locations":[{"start":{"line":296,"column":38},"end":{"line":296,"column":55}},{"start":{"line":296,"column":59},"end":{"line":296,"column":75}},{"start":{"line":296,"column":79},"end":{"line":296,"column":80}}],"line":296},"37":{"loc":{"start":{"line":297,"column":37},"end":{"line":297,"column":62}},"type":"cond-expr","locations":[{"start":{"line":297,"column":57},"end":{"line":297,"column":58}},{"start":{"line":297,"column":61},"end":{"line":297,"column":62}}],"line":297},"38":{"loc":{"start":{"line":298,"column":38},"end":{"line":298,"column":95}},"type":"cond-expr","locations":[{"start":{"line":298,"column":73},"end":{"line":298,"column":90}},{"start":{"line":298,"column":93},"end":{"line":298,"column":95}}],"line":298},"39":{"loc":{"start":{"line":299,"column":36},"end":{"line":299,"column":89}},"type":"cond-expr","locations":[{"start":{"line":299,"column":69},"end":{"line":299,"column":84}},{"start":{"line":299,"column":87},"end":{"line":299,"column":89}}],"line":299},"40":{"loc":{"start":{"line":305,"column":20},"end":{"line":332,"column":21}},"type":"if","locations":[{"start":{"line":305,"column":20},"end":{"line":332,"column":21}},{"start":{},"end":{}}],"line":305},"41":{"loc":{"start":{"line":305,"column":24},"end":{"line":305,"column":81}},"type":"binary-expr","locations":[{"start":{"line":305,"column":24},"end":{"line":305,"column":59}},{"start":{"line":305,"column":63},"end":{"line":305,"column":81}}],"line":305},"42":{"loc":{"start":{"line":306,"column":47},"end":{"line":306,"column":70}},"type":"binary-expr","locations":[{"start":{"line":306,"column":47},"end":{"line":306,"column":65}},{"start":{"line":306,"column":69},"end":{"line":306,"column":70}}],"line":306},"43":{"loc":{"start":{"line":319,"column":24},"end":{"line":321,"column":25}},"type":"if","locations":[{"start":{"line":319,"column":24},"end":{"line":321,"column":25}},{"start":{},"end":{}}],"line":319},"44":{"loc":{"start":{"line":342,"column":22},"end":{"line":342,"column":71}},"type":"binary-expr","locations":[{"start":{"line":342,"column":22},"end":{"line":342,"column":26}},{"start":{"line":342,"column":30},"end":{"line":342,"column":71}}],"line":342},"45":{"loc":{"start":{"line":375,"column":16},"end":{"line":384,"column":17}},"type":"if","locations":[{"start":{"line":375,"column":16},"end":{"line":384,"column":17}},{"start":{},"end":{}}],"line":375},"46":{"loc":{"start":{"line":392,"column":12},"end":{"line":392,"column":53}},"type":"if","locations":[{"start":{"line":392,"column":12},"end":{"line":392,"column":53}},{"start":{},"end":{}}],"line":392},"47":{"loc":{"start":{"line":392,"column":16},"end":{"line":392,"column":32}},"type":"binary-expr","locations":[{"start":{"line":392,"column":16},"end":{"line":392,"column":17}},{"start":{"line":392,"column":21},"end":{"line":392,"column":32}}],"line":392},"48":{"loc":{"start":{"line":394,"column":51},"end":{"line":394,"column":99}},"type":"binary-expr","locations":[{"start":{"line":394,"column":51},"end":{"line":394,"column":64}},{"start":{"line":394,"column":68},"end":{"line":394,"column":99}}],"line":394},"49":{"loc":{"start":{"line":412,"column":12},"end":{"line":414,"column":13}},"type":"if","locations":[{"start":{"line":412,"column":12},"end":{"line":414,"column":13}},{"start":{},"end":{}}],"line":412},"50":{"loc":{"start":{"line":419,"column":12},"end":{"line":421,"column":13}},"type":"if","locatio
[...]
58,"column":25},"end":{"line":258,"column":33}},"73":{"start":{"line":259,"column":28},"end":{"line":259,"column":43}},"74":{"start":{"line":261,"column":22},"end":{"line":261,"column":52}},"75":{"start":{"line":262,"column":6},"end":{"line":264,"column":7}},"76":{"start":{"line":263,"column":8},"end":{"line":263,"column":77}},"77":{"start":{"line":267,"column":6},"end":{"line":269,"column":7}},"78":{"start":{"line":268,"column":8},"end":{"line":268,"column":99}},"79":{"start":{"line":271,"column":6},"end":{"line":275,"column":9}},"80":{"start":{"line":278,"column":6},"end":{"line":281,"column":7}},"81":{"start":{"line":279,"column":8},"end":{"line":279,"column":71}},"82":{"start":{"line":280,"column":8},"end":{"line":280,"column":38}},"83":{"start":{"line":283,"column":25},"end":{"line":283,"column":60}},"84":{"start":{"line":285,"column":6},"end":{"line":291,"column":8}},"85":{"start":{"line":293,"column":6},"end":{"line":293,"column":85}},"86":{"start":{"line":295,"column":6},"end":{"line":295,"column":59}},"87":{"start":{"line":296,"column":6},"end":{"line":296,"column":97}},"88":{"start":{"line":304,"column":4},"end":{"line":310,"column":5}},"89":{"start":{"line":305,"column":20},"end":{"line":305,"column":44}},"90":{"start":{"line":306,"column":6},"end":{"line":306,"column":41}},"91":{"start":{"line":308,"column":6},"end":{"line":308,"column":47}},"92":{"start":{"line":309,"column":6},"end":{"line":309,"column":89}},"93":{"start":{"line":317,"column":4},"end":{"line":359,"column":5}},"94":{"start":{"line":318,"column":21},"end":{"line":318,"column":31}},"95":{"start":{"line":319,"column":28},"end":{"line":319,"column":43}},"96":{"start":{"line":321,"column":22},"end":{"line":323,"column":8}},"97":{"start":{"line":325,"column":6},"end":{"line":327,"column":7}},"98":{"start":{"line":326,"column":8},"end":{"line":326,"column":77}},"99":{"start":{"line":329,"column":20},"end":{"line":329,"column":33}},"100":{"start":{"line":330,"column":23},"end":{"line":330,"column":58}},"101":{"start":{"line":332,"column":6},"end":{"line":341,"column":9}},"102":{"start":{"line":334,"column":8},"end":{"line":334,"column":87}},"103":{"start":{"line":337,"column":8},"end":{"line":339,"column":9}},"104":{"start":{"line":338,"column":10},"end":{"line":338,"column":60}},"105":{"start":{"line":340,"column":8},"end":{"line":340,"column":50}},"106":{"start":{"line":344,"column":6},"end":{"line":344,"column":36}},"107":{"start":{"line":347,"column":6},"end":{"line":353,"column":8}},"108":{"start":{"line":355,"column":6},"end":{"line":355,"column":75}},"109":{"start":{"line":357,"column":6},"end":{"line":357,"column":52}},"110":{"start":{"line":358,"column":6},"end":{"line":358,"column":81}},"111":{"start":{"line":363,"column":0},"end":{"line":363,"column":41}}},"fnMap":{"0":{"name":"(anonymous_0)","decl":{"start":{"line":16,"column":2},"end":{"line":16,"column":3}},"loc":{"start":{"line":16,"column":33},"end":{"line":76,"column":3}},"line":16},"1":{"name":"(anonymous_1)","decl":{"start":{"line":81,"column":2},"end":{"line":81,"column":3}},"loc":{"start":{"line":81,"column":33},"end":{"line":104,"column":3}},"line":81},"2":{"name":"(anonymous_2)","decl":{"start":{"line":109,"column":2},"end":{"line":109,"column":3}},"loc":{"start":{"line":109,"column":32},"end":{"line":173,"column":3}},"line":109},"3":{"name":"(anonymous_3)","decl":{"start":{"line":124,"column":61},"end":{"line":124,"column":62}},"loc":{"start":{"line":124,"column":74},"end":{"line":151,"column":7}},"line":124},"4":{"name":"(anonymous_4)","decl":{"start":{"line":178,"column":2},"end":{"line":178,"column":3}},"loc":{"start":{"line":178,"column":32},"end":{"line":250,"column":3}},"line":178},"5":{"name":"(anonymous_5)","decl":{"start":{"line":192,"column":46},"end":{"line":192,"column":47}},"loc":{"start":{"line":192,"column":59},"end":{"line":234,"column":7}},"line":192},"6":{"name":"(anonymous_6)","decl":{"start":{"line":255,"column":2},"end":{"line":255,"column":3}},"loc":{"start":{"line":255,"column":31},"end":{"line":298,"column":3}},"line":255},"7":{"name":"(anonymous_7)","decl":{"start":{"line":303,"column":2},"end":{"line":303,"column":3}},"loc":{"start":{"line":303,"column":27},"end":{"line":311,"column":3}},"line":303},"8":{"name":"(anonymous_8)","decl":{"start":{"line":316,"column":2},"end":{"line":316,"column":3}},"loc":{"start":{"line":316,"column":32},"end":{"line":360,"column":3}},"line":316},"9":{"name":"(anonymous_9)","decl":{"start":{"line":332,"column":46},"end":{"line":332,"column":47}},"loc":{"start":{"line":332,"column":59},"end":{"line":341,"column":7}},"line":332}},"branchMap":{"0":{"loc":{"start":{"line":18,"column":49},"end":{"line":18,"column":57}},"type":"default-arg","locations":[{"start":{"line":18,"column":56},"end":{"line":18,"column":57}}],"line":18},"1":{"loc":{"start":{"line":18,"column":59},"end":{"line":18,"column":69}},"type":"default-arg","locations":[{"start":{"line":18,"column":67},"end":{"line":18,"column":69}}],"line":18},"2":{"loc":{"start":{"line":27,"column":6},"end":{"line":32,"column":7}},"type":"if","locations":[{"start":{"line":27,"column":6},"end":{"line":32,"column":7}},{"start":{},"end":{}}],"line":27},"3":{"loc":{"start":{"line":35,"column":6},"end":{"line":37,"column":7}},"type":"if","locations":[{"start":{"line":35,"column":6},"end":{"line":37,"column":7}},{"start":{},"end":{}}],"line":35},"4":{"loc":{"start":{"line":40,"column":6},"end":{"line":50,"column":7}},"type":"if","locations":[{"start":{"line":40,"column":6},"end":{"line":50,"column":7}},{"start":{},"end":{}}],"line":40},"5":{"loc":{"start":{"line":40,"column":10},"end":{"line":40,"column":28}},"type":"binary-expr","locations":[{"start":{"line":40,"column":10},"end":{"line":40,"column":18}},{"start":{"line":40,"column":22},"end":{"line":40,"column":28}}],"line":40},"6":{"loc":{"start":{"line":42,"column":8},"end":{"line":44,"column":9}},"type":"if","locations":[{"start":{"line":42,"column":8},"end":{"line":44,"column":9}},{"start":{},"end":{}}],"line":42},"7":{"loc":{"start":{"line":45,"column":8},"end":{"line":49,"column":9}},"type":"if","locations":[{"start":{"line":45,"column":8},"end":{"line":49,"column":9}},{"start":{},"end":{}}],"line":45},"8":{"loc":{"start":{"line":91,"column":6},"end":{"line":93,"column":7}},"type":"if","locations":[{"start":{"line":91,"column":6},"end":{"line":93,"column":7}},{"start":{},"end":{}}],"line":91},"9":{"loc":{"start":{"line":116,"column":6},"end":{"line":118,"column":7}},"type":"if","locations":[{"start":{"line":116,"column":6},"end":{"line":118,"column":7}},{"start":{},"end":{}}],"line":116},"10":{"loc":{"start":{"line":121,"column":47},"end":{"line":121,"column":70}},"type":"binary-expr","locations":[{"start":{"line":121,"column":47},"end":{"line":121,"column":55}},{"start":{"line":121,"column":59},"end":{"line":121,"column":70}}],"line":121},"11":{"loc":{"start":{"line":188,"column":6},"end":{"line":190,"column":7}},"type":"if","locations":[{"start":{"line":188,"column":6},"end":{"line":190,"column":7}},{"start":{},"end":{}}],"line":188},"12":{"loc":{"start":{"line":195,"column":19},"end":{"line":195,"column":45}},"type":"binary-expr","locations":[{"start":{"line":195,"column":19},"end":{"line":195,"column":26}},{"start":{"line":195,"column":30},"end":{"line":195,"column":45}}],"line":195},"13":{"loc":{"start":{"line":200,"column":8},"end":{"line":202,"column":9}},"type":"if","locations":[{"start":{"line":200,"column":8},"end":{"line":202,"column":9}},{"start":{},"end":{}}],"line":200},"14":{"loc":{"start":{"line":207,"column":8},"end":{"line":233,"column":9}},"type":"if","locations":[{"start":{"line":207,"column":8},"end":{"line":233,"column":9}},{"start":{"line":219,"column":15},"end":{"line":233,"column":9}}],"line":207},"15":{"loc":{"start":{"line":240,"column":44},"end":{"line":240,"column":70}},"type":"binary-expr","locations":[{"start":{"line":240,"column":44},"end":{"line":240,"column":53}},{"start":{"line":240,"column":57},"end":{"line":240,"column":70}}],"line":240},"16":{"loc":{"start":{"line":262,"column":6},"end":{"line":264,"column":7}},"type":"if","locations":[{"start":{"line":262,"column":6},"end":{"line":264,"column":7}},{"start":{},"end":{}}],"line":262},"17":{"loc":{"start":{"line":267,"column":6},"end":{"line":269,"column":7}},"type":"if","locations":[{"start":{"line":267,"column":6},"end":{"line":269,"column":7}},{"start":{},"end":{}}],"line":267},"18":{"loc":{"start":{"line":267,"column":10},"end":{"line":267,"column":56}},"type":"binary-expr","locations":[{"start":{"line":267,"column":10},"end":{"line":267,"column":40}},{"start":{"line":267,"column":44},"end":{"line":267,"column":56}}],"line":267},"19":{"loc":{"start":{"line":278,"column":6},"end":{"line":281,"column":7}},"type":"if","locations":[{"start":{"line":278,"column":6},"end":{"line":281,"column":7}},{"start":{},"end":{}}],"line":278},"20":{"loc":{"start":{"line":283,"column":25},"end":{"line":283,"column":60}},"type":"cond-expr","locations":[{"start":{"line":283,"column":40},"end":{"line":283,"column":51}},{"start":{"line":283,"column":54},"end":{"line":283,"column":60}}],"line":283},"21":{"loc":{"start":{"line":289,"column":8},"end":{"line":289,"column":38}},"type":"cond-expr","locations":[{"start":{"line":289,"column":23},"end":{"line":289,"column":29}},{"start":{"line":289,"column":32},"end":{"line":289,"column":38}}],"line":289},"22":{"loc":{"start":{"line":325,"column":6},"end":{"line":327,"column":7}},"type":"if","locations":[{"start":{"line":325,"column":6},"end":{"line":327,"column":7}},{"start":{},"end":{}}],"line":325},"23":{"loc":{"start":{"line":330,"column":23},"end":{"line":330,"column":58}},"type":"binary-expr","locations":[{"start":{"line":330,"column":23},"end":{"line":330,"column":49}},{"start":{"line":330,"column":53},"end":{"line":330,"column":58}}],"line":330},"24":{"loc":{"start":{"line":337,"column":8},"end":{"line":339,"column":9}},"type":"if","locations":[{"start":{"line":337,"column":8},"end":{"line":339,"column":9}},{"start":{},"end":{}}],"line":337}},"s":{"0":1,"1":1,"2":1,"3":1,"4":1,"5":2,"6":2,"7":2,"8":2,"9":2,"10":2,"11":1,"12":2,"13":0,"14":2,"15":0,"16":0,"17":0,"18":0,"19":0,"20":0,"21":0,"22":2,"23":1,"24":1,"25":1,"26":2,"27":2,"28":2,"29":2,"30":1,"31":1,"32":1,"33":1,"34":0,"35":0,"36":2,"37":2,"38":2,"39":2,"40":2,"41":1,"42":1,"43":1,"44":1,"45":1,"46":1,"47":1,"48":1,"49":0,"50":0,"51":2,"52":2,"53":2,"54":2,"55":2,"56":2,"57":1,"58":1,"59":1,"60":1,"61":1,"62":1,"63":1,"64":1,"65":0,"66":1,"67":1,"68":0,"69":0,"70":2,"71":2,"72":2,"73":2,"74":2,"75":2,"76":0,"77":2,"78":1,"79":1,"80":1,"81":1,"82":0,"83":0,"84":0,"85":0,"86":1,"87":1,"88":1,"89":1,"90":1,"91":0,"92":0,"93":1,"94":1,"95":1,"96":1,"97":1,"98":0,"99":1,"100":1,"101":1,"102":1,"103":0,"104":0,"105":0,"106":0,"107":0,"108":0,"109":1,"110":1,"111":1},"f":{"0":2,"1":2,"2":2,"3":1,"4":2,"5":1,"6":2,"7":1,"8":1,"9":1},"b":{"0":[1],"1":[1],"2":[1,1],"3":[0,2],"4":[0,2],"5":[2,2],"6":[0,0],"7":[0,0],"8":[1,1],"9":[1,1],"10":[1,0],"11":[1,1],"12":[1,1],"13":[1,0],"14":[1,0],"15":[1,0],"16":[0,2],"17":[1,1],"18":[2,1],"19":[1,0],"20":[0,0],"21":[0,0],"22":[0,1],"23":[1,1],"24":[0,0]},"_coverageSchema":"1a1c01bbd47fc00a2c39e90264f33305004495a9","hash":"7feb4ad5898d6607cbbbc65b52580c59e7651bdc"},"D:\\TPF-SIMS\\server\\src\\sockets\\socketManager.js":{"path":"D:\\TPF-SIMS\\server\\src\\sockets\\socketManager.js","statementMap":{"0":{"start":{"line":1,"column":19},"end":{"line":1,"column":39}},"1":{"start":{"line":2,"column":21},"end":{"line":2,"column":56}},"2":{"start":{"line":5,"column":20},"end":{"line":5,"column":29}},"3":{"start":{"line":13,"column":19},"end":{"line":46,"column":1}},"4":{"start":{"line":14,"column":2},"end":{"line":19,"column":5}},"5":{"start":{"line":21,"column":2},"end":{"line":43,"column":5}},"6":{"start":{"line":22,"column":4},"end":{"line":22,"column":48}},"7":{"start":{"line":25,"column":4},"end":{"line":31,"column":7}},"8":{"start":{"line":26,"column":6},"end":{"line":30,"column":7}},"9":{"start":{"line":27,"column":8},"end":{"line":27,"column":54}},"10":{"start":{"line":28,"column":8},"end":{"line":28,"column":39}},"11":{"start":{"line":29,"column":8},"end":{"line":29,"column":74}},"12":{"start":{"line":33,"column":4},"end":{"line":42,"column":7}},"13":{"start":{"line":35,"column":6},"end":{"line":40,"column":7}},"14":{"start":{"line":36,"column":8},"end":{"line":39,"column":9}},"15":{"start":{"line":37,"column":10},"end":{"line":37,"column":37}},"16":{"start":{"line":38,"column":10},"end":{"line":38,"column":16}},"17":{"start":{"line":41,"column":6},"end":{"line":41,"column":51}},"18":{"start":{"line":45,"column":2},"end":{"line":45,"column":12}},"19":{"start":{"line":51,"column":25},"end":{"line":81,"column":1}},"20":{"start":{"line":52,"column":2},"end":{"line":80,"column":3}},"21":{"start":{"line":54,"column":21},"end":{"line":61,"column":6}},"22":{"start":{"line":64,"column":4},"end":{"line":75,"column":5}},"23":{"start":{"line":65,"column":6},"end":{"line":74,"column":7}},"24":{"start":{"line":67,"column":25},"end":{"line":67,"column":59}},"25":{"start":{"line":68,"column":8},"end":{"line":70,"column":9}},"26":{"start":{"line":69,"column":10},"end":{"line":69,"column":61}},"27":{"start":{"line":73,"column":8},"end":{"line":73,"column":46}},"28":{"start":{"line":77,"column":4},"end":{"line":77,"column":20}},"29":{"start":{"line":79,"column":4},"end":{"line":79,"column":56}},"30":{"start":{"line":86,"column":20},"end":{"line":93,"column":1}},"31":{"start":{"line":87,"column":2},"end":{"line":92,"column":3}},"32":{"start":{"line":88,"column":4},"end":{"line":90,"column":7}},"33":{"start":{"line":91,"column":4},"end":{"line":91,"column":58}},"34":{"start":{"line":95,"column":0},"end":{"line":100,"column":2}},"35":{"start":{"line":99,"column":15},"end":{"line":99,"column":17}}},"fnMap":{"0":{"name":"(anonymous_0)","decl":{"start":{"line":13,"column":19},"end":{"line":13,"column":20}},"loc":{"start":{"line":13,"column":31},"end":{"line":46,"column":1}},"line":13},"1":{"name":"(anonymous_1)","decl":{"start":{"line":21,"column":22},"end":{"line":21,"column":23}},"loc":{"start":{"line":21,"column":34},"end":{"line":43,"column":3}},"line":21},"2":{"name":"(anonymous_2)","decl":{"start":{"line":25,"column":26},"end":{"line":25,"column":27}},"loc":{"start":{"line":25,"column":38},"end":{"line":31,"column":5}},"line":25},"3":{"name":"(anonymous_3)","decl":{"start":{"line":33,"column":28},"end":{"line":33,"column":29}},"loc":{"start":{"line":33,"column":34},"end":{"line":42,"column":5}},"line":33},"4":{"name":"(anonymous_4)","decl":{"start":{"line":51,"column":25},"end":{"line":51,"column":26}},"loc":{"start":{"line":51,"column":108},"end":{"line":81,"column":1}},"line":51},"5":{"name":"(anonymous_5)","decl":{"start":{"line":86,"column":20},"end":{"line":86,"column":21}},"loc":{"start":{"line":86,"column":32},"end":{"line":93,"column":1}},"line":86},"6":{"name":"(anonymous_6)","decl":{"start":{"line":99,"column":9},"end":{"line":99,"column":10}},"loc":{"start":{"line":99,"column":15},"end":{"line":99,"column":17}},"line":99}},"branchMap":{"0":{"loc":{"start":{"line":26,"column":6},"end":{"line":30,"column":7}},"type":"if","locations":[{"start":{"line":26,"column":6},"end":{"line":30,"column":7}},{"start":{},"end":{}}],"line":26},"1":{"loc":{"start":{"line":36,"column":8},"end":{"line":39,"column":9}},"type":"if","locations":[{"start":{"line":36,"column":8},"end":{"line":39,"column":9}},{"start":{},"end":{}}],"line":36},"2":{"loc":{"start":{"line":51,"column":58},"end":{"line":51,"column":71}},"type":"default-arg","locations":[{"start":{"line":51,"column":65},"end":{"line":51,"column":71}}],"line":51},"3":{"loc":{"start":{"line":51,"column":73},"end":{"line":51,"column":84}},"type":"default-arg","locations":[{"start":{"line":51,"column":80},"end":{"line":51,"column":84}}],"line":51},"4":{"loc":{"start":{"line":51,"column":86},"end":{"line":51,"column":101}},"type":"default-arg","locations":[{"start":{"line":51,"column":97},"end":{"line":51,"column":101}}],"line":51},"5":{"loc":{"start":{"line":64,"column":4},"end":{"line":75,"column":5}},"type":"if","locations":[{"start":{"line":64,"column":4},"end":{"line":75,"column":5}},{"start":{},"end":{}}],"line":64},"6":{"loc":{"start":{"line":65,"column":6},"end":{"line":74,"column":7}},"type":"if","locations":[{"start":{"line":65,"column":6},"end":{"line":74,"column":7}},{"start":{"line":71,"column":13},"end":{"line":74,"column":7}}],"line":65},"7":{"loc":{"start":{"line":68,"column":8},"end":{"line":70,"column":9}},"type":"if","locations":[{"start":{"line":68,"column":8},"end":{"line":70,"column":9}},{"start":{},"end":{}}],"line":68},"8":{"loc":{"start":{"line":87,"column":2},"end":{"line":92,"column":3}},"type":"if","locations":[{"start":{"line":87,"column":2},"end":{"line":92,"column":3}},{"start":{},"end":{}}],"line":87},"9":{"loc":{"start":{"line":87,"column":6},"end":{"line":87,"column":18}},"type":"binary-expr","locations":[{"start":{"line":87,"column":6},"end":{"line":87,"column":8}},{"start":{"line":87,"column":12},"end":{"line":87,"column":18}}],"line":87}},"s":{"0":1,"1":1,"2":1,"3":1,"4":0,"5":0,"6":0,"7":0,"8":0,"9":0,"10":0,"11":0,"12":0,"13":0,"14":0,"15":0,"16":0,"17":0,"18":0,"19":1,"20":0,"21":0,"22":0,"23":0,"24":0,"25":0,"26":0,"27":0,"28":0,"29":0,"30":1,"31":0,"32":0,"33":0,"34":1,"35":0},"f":{"0":0,"1":0,"2":0,"3":0,"4":0,"5":0,"6":0},"b":{"0":[0,0],"1":[0,0],"2":[0],"3":[0],"4":[0],"5":[0,0],"6":[0,0],"7":[0,0],"8":[0,0],"9":[0,0]},"_coverageSchema":"1a1c01bbd47fc00a2c39e90264f33305004495a9","hash":"5d6afdf2a0216dae7b708ac755d124797c9de850"},"D:\\TPF-SIMS\\server\\src\\entities\\Notification.js":{"path":"D:\\TPF-SIMS\\server\\src\\entities\\Notification.js","statementMap":{"0":{"start":{"line":1,"column":22},"end":{"line":1,"column":42}},"1":{"start":{"line":2,"column":18},"end":{"line":2,"column":41}},"2":{"start":{"line":10,"column":21},"end":{"line":60,"column":1}},"3":{"start":{"line":62,"column":0},"end":{"line":62,"column":30}}},"fnMap":{},"branchMap":{},"s":{"0":1,"1":1,"2":1,"3":1},"f":{},"b":{},"_coverageSchema":"1a1c01bbd47fc00a2c39e90264f33305004495a9","hash":"658bb894ad1ffbc13e68af2afd30e5b35c3b27ab"},"D:\\TPF-SIMS\\server\\src\\config\\db.js":{"path":"D:\\TPF-SIMS\\server\\src\\config\\db.js","statementMap":{"0":{"start":{"line":1,"column":22},"end":{"line":1,"column":42}},"1":{"start":{"line":9,"column":18},"end":{"line":25,"column":1}},"2":{"start":{"line":27,"column":0},"end":{"line":27,"column":27}}},"fnMap":{},"branchMap":{"0":{"loc":{"start":{"line":10,"column":3},"end":{"line":10,"column":28}},"type":"binary-expr","locations":[{"start":{"line":10,"column":3},"end":{"line":10,"column":22}},{"start":{"line":10,"column":26},"end":{"line":10,"column":28}}],"line":10},"1":{"loc":{"start":{"line":11,"column":3},"end":{"line":11,"column":28}},"type":"binary-expr","locations":[{"start":{"line":11,"column":3},"end":{"line":11,"column":22}},{"start":{"line":11,"column":26},"end":{"line":11,"column":28}}],"line":11},"2":{"loc":{"start":{"line":12,"column":3},"end":{"line":12,"column":32}},"type":"binary-expr","locations":[{"start":{"line":12,"column":3},"end":{"line":12,"column":26}},{"start":{"line":12,"column":30},"end":{"line":12,"column":32}}],"line":12},"3":{"loc":{"start":{"line":14,"column":11},"end":{"line":14,"column":36}},"type":"binary-expr","locations":[{"start":{"line":14,"column":11},"end":{"line":14,"column":30}},{"start":{"line":14,"column":34},"end":{"line":14,"column":36}}],"line":14},"4":{"loc":{"start":{"line":15,"column":11},"end":{"line":15,"column":36}},"type":"binary-expr","locations":[{"start":{"line":15,"column":11},"end":{"line":15,"column":30}},{"start":{"line":15,"column":34},"end":{"line":15,"column":36}}],"line":15}},"s":{"0":1,"1":1,"2":1},"f":{},"b":{"0":[1,1],"1":[1,1],"2":[1,1],"3":[1,1],"4":[1,1]},"_coverageSchema":"1a1c01bbd47fc00a2c39e90264f33305004495a9","hash":"c154c1b521663218bbda5189310d8736bd923282"}}}
